{"/home/xena/Range-slider/src/mvc/model.ts": {"path":"/home/xena/Range-slider/src/mvc/model.ts","statementMap":{"0":{"start":{"line":17,"column":0},"end":{"line":17,"column":null}},"1":{"start":{"line":31,"column":4},"end":{"line":31,"column":16}},"2":{"start":{"line":60,"column":4},"end":{"line":62,"column":null}},"3":{"start":{"line":61,"column":8},"end":{"line":61,"column":null}},"4":{"start":{"line":32,"column":8},"end":{"line":32,"column":null}},"5":{"start":{"line":33,"column":8},"end":{"line":33,"column":null}},"6":{"start":{"line":34,"column":8},"end":{"line":34,"column":null}},"7":{"start":{"line":35,"column":8},"end":{"line":35,"column":null}},"8":{"start":{"line":36,"column":8},"end":{"line":36,"column":null}},"9":{"start":{"line":37,"column":8},"end":{"line":37,"column":null}},"10":{"start":{"line":38,"column":8},"end":{"line":38,"column":null}},"11":{"start":{"line":39,"column":8},"end":{"line":39,"column":null}},"12":{"start":{"line":40,"column":8},"end":{"line":40,"column":null}},"13":{"start":{"line":41,"column":8},"end":{"line":41,"column":null}},"14":{"start":{"line":42,"column":8},"end":{"line":42,"column":null}},"15":{"start":{"line":43,"column":8},"end":{"line":43,"column":null}},"16":{"start":{"line":44,"column":8},"end":{"line":55,"column":null}},"17":{"start":{"line":57,"column":4},"end":{"line":59,"column":null}},"18":{"start":{"line":58,"column":8},"end":{"line":58,"column":null}},"19":{"start":{"line":63,"column":4},"end":{"line":69,"column":null}},"20":{"start":{"line":64,"column":8},"end":{"line":68,"column":null}},"21":{"start":{"line":65,"column":12},"end":{"line":65,"column":null}},"22":{"start":{"line":67,"column":12},"end":{"line":67,"column":null}},"23":{"start":{"line":70,"column":4},"end":{"line":95,"column":null}},"24":{"start":{"line":70,"column":13},"end":{"line":70,"column":null}},"25":{"start":{"line":71,"column":8},"end":{"line":71,"column":null}},"26":{"start":{"line":72,"column":8},"end":{"line":72,"column":null}},"27":{"start":{"line":73,"column":8},"end":{"line":73,"column":null}},"28":{"start":{"line":74,"column":40},"end":{"line":74,"column":42}},"29":{"start":{"line":75,"column":12},"end":{"line":77,"column":null}},"30":{"start":{"line":76,"column":16},"end":{"line":76,"column":null}},"31":{"start":{"line":78,"column":38},"end":{"line":78,"column":40}},"32":{"start":{"line":79,"column":12},"end":{"line":83,"column":null}},"33":{"start":{"line":79,"column":33},"end":{"line":79,"column":36}},"34":{"start":{"line":80,"column":16},"end":{"line":82,"column":null}},"35":{"start":{"line":81,"column":20},"end":{"line":81,"column":null}},"36":{"start":{"line":84,"column":12},"end":{"line":93,"column":null}},"37":{"start":{"line":85,"column":16},"end":{"line":87,"column":null}},"38":{"start":{"line":86,"column":20},"end":{"line":86,"column":null}},"39":{"start":{"line":89,"column":32},"end":{"line":89,"column":65}},"40":{"start":{"line":90,"column":16},"end":{"line":92,"column":null}},"41":{"start":{"line":90,"column":37},"end":{"line":90,"column":38}},"42":{"start":{"line":91,"column":20},"end":{"line":91,"column":null}},"43":{"start":{"line":94,"column":12},"end":{"line":94,"column":null}},"44":{"start":{"line":96,"column":4},"end":{"line":118,"column":null}},"45":{"start":{"line":97,"column":8},"end":{"line":97,"column":null}},"46":{"start":{"line":98,"column":8},"end":{"line":98,"column":null}},"47":{"start":{"line":99,"column":12},"end":{"line":117,"column":null}},"48":{"start":{"line":101,"column":20},"end":{"line":107,"column":null}},"49":{"start":{"line":102,"column":24},"end":{"line":102,"column":null}},"50":{"start":{"line":104,"column":24},"end":{"line":106,"column":null}},"51":{"start":{"line":105,"column":28},"end":{"line":105,"column":null}},"52":{"start":{"line":108,"column":20},"end":{"line":108,"column":25}},"53":{"start":{"line":110,"column":20},"end":{"line":116,"column":null}},"54":{"start":{"line":111,"column":24},"end":{"line":111,"column":null}},"55":{"start":{"line":113,"column":24},"end":{"line":115,"column":null}},"56":{"start":{"line":114,"column":28},"end":{"line":114,"column":null}},"57":{"start":{"line":119,"column":4},"end":{"line":121,"column":null}},"58":{"start":{"line":120,"column":8},"end":{"line":120,"column":null}},"59":{"start":{"line":122,"column":4},"end":{"line":124,"column":null}},"60":{"start":{"line":123,"column":8},"end":{"line":123,"column":null}},"61":{"start":{"line":125,"column":4},"end":{"line":150,"column":null}},"62":{"start":{"line":125,"column":32},"end":{"line":125,"column":null}},"63":{"start":{"line":126,"column":8},"end":{"line":149,"column":null}},"64":{"start":{"line":128,"column":16},"end":{"line":136,"column":null}},"65":{"start":{"line":129,"column":20},"end":{"line":129,"column":null}},"66":{"start":{"line":131,"column":40},"end":{"line":131,"column":66}},"67":{"start":{"line":132,"column":20},"end":{"line":132,"column":null}},"68":{"start":{"line":133,"column":20},"end":{"line":135,"column":null}},"69":{"start":{"line":134,"column":24},"end":{"line":134,"column":null}},"70":{"start":{"line":137,"column":16},"end":{"line":137,"column":21}},"71":{"start":{"line":139,"column":16},"end":{"line":147,"column":null}},"72":{"start":{"line":140,"column":20},"end":{"line":140,"column":null}},"73":{"start":{"line":142,"column":40},"end":{"line":142,"column":66}},"74":{"start":{"line":143,"column":20},"end":{"line":143,"column":null}},"75":{"start":{"line":148,"column":12},"end":{"line":148,"column":17}},"76":{"start":{"line":151,"column":4},"end":{"line":157,"column":null}},"77":{"start":{"line":151,"column":34},"end":{"line":151,"column":null}},"78":{"start":{"line":152,"column":25},"end":{"line":152,"column":53}},"79":{"start":{"line":153,"column":8},"end":{"line":155,"column":null}},"80":{"start":{"line":154,"column":12},"end":{"line":154,"column":null}},"81":{"start":{"line":156,"column":8},"end":{"line":156,"column":null}},"82":{"start":{"line":158,"column":0},"end":{"line":158,"column":null}},"83":{"start":{"line":160,"column":8},"end":{"line":160,"column":13}}},"fnMap":{"0":{"name":"(anonymous_0)","decl":{"start":{"line":17,"column":0},"end":{"line":17,"column":null}},"loc":{"start":{"line":17,"column":0},"end":{"line":158,"column":null}}},"1":{"name":"Model","decl":{"start":{"line":31,"column":4},"end":{"line":31,"column":16}},"loc":{"start":{"line":31,"column":30},"end":{"line":56,"column":5}}},"2":{"name":"(anonymous_2)","decl":{"start":{"line":60,"column":11},"end":{"line":60,"column":null}},"loc":{"start":{"line":60,"column":11},"end":{"line":62,"column":5}}},"3":{"name":"(anonymous_3)","decl":{"start":{"line":57,"column":4},"end":{"line":57,"column":13}},"loc":{"start":{"line":57,"column":38},"end":{"line":59,"column":5}}},"4":{"name":"(anonymous_4)","decl":{"start":{"line":63,"column":4},"end":{"line":63,"column":10}},"loc":{"start":{"line":63,"column":43},"end":{"line":69,"column":5}}},"5":{"name":"(anonymous_5)","decl":{"start":{"line":70,"column":4},"end":{"line":70,"column":12}},"loc":{"start":{"line":73,"column":39},"end":{"line":95,"column":5}}},"6":{"name":"(anonymous_6)","decl":{"start":{"line":85,"column":34},"end":{"line":85,"column":35}},"loc":{"start":{"line":85,"column":35},"end":{"line":87,"column":17}}},"7":{"name":"(anonymous_7)","decl":{"start":{"line":96,"column":4},"end":{"line":96,"column":15}},"loc":{"start":{"line":98,"column":44},"end":{"line":118,"column":5}}},"8":{"name":"(anonymous_8)","decl":{"start":{"line":104,"column":47},"end":{"line":104,"column":55}},"loc":{"start":{"line":104,"column":55},"end":{"line":106,"column":25}}},"9":{"name":"(anonymous_9)","decl":{"start":{"line":113,"column":47},"end":{"line":113,"column":55}},"loc":{"start":{"line":113,"column":55},"end":{"line":115,"column":25}}},"10":{"name":"(anonymous_10)","decl":{"start":{"line":119,"column":4},"end":{"line":119,"column":19}},"loc":{"start":{"line":119,"column":33},"end":{"line":121,"column":5}}},"11":{"name":"(anonymous_11)","decl":{"start":{"line":122,"column":4},"end":{"line":122,"column":17}},"loc":{"start":{"line":122,"column":31},"end":{"line":124,"column":5}}},"12":{"name":"(anonymous_12)","decl":{"start":{"line":125,"column":4},"end":{"line":125,"column":13}},"loc":{"start":{"line":125,"column":58},"end":{"line":150,"column":5}}},"13":{"name":"(anonymous_13)","decl":{"start":{"line":133,"column":43},"end":{"line":133,"column":51}},"loc":{"start":{"line":133,"column":51},"end":{"line":135,"column":21}}},"14":{"name":"(anonymous_14)","decl":{"start":{"line":151,"column":4},"end":{"line":151,"column":15}},"loc":{"start":{"line":151,"column":58},"end":{"line":157,"column":5}}}},"branchMap":{"0":{"loc":{"start":{"line":32,"column":26},"end":{"line":32,"column":37}},"type":"binary-expr","locations":[{"start":{"line":32,"column":26},"end":{"line":32,"column":37}},{"start":{"line":32,"column":41},"end":{"line":32,"column":42}}]},"1":{"loc":{"start":{"line":33,"column":46},"end":{"line":33,"column":47}},"type":"cond-expr","locations":[{"start":{"line":33,"column":46},"end":{"line":33,"column":47}},{"start":{"line":33,"column":51},"end":{"line":33,"column":69}}]},"2":{"loc":{"start":{"line":33,"column":51},"end":{"line":33,"column":62}},"type":"binary-expr","locations":[{"start":{"line":33,"column":51},"end":{"line":33,"column":62}},{"start":{"line":33,"column":66},"end":{"line":33,"column":69}}]},"3":{"loc":{"start":{"line":34,"column":64},"end":{"line":34,"column":65}},"type":"cond-expr","locations":[{"start":{"line":34,"column":64},"end":{"line":34,"column":65}},{"start":{"line":34,"column":69},"end":{"line":34,"column":95}}]},"4":{"loc":{"start":{"line":34,"column":69},"end":{"line":34,"column":89}},"type":"binary-expr","locations":[{"start":{"line":34,"column":69},"end":{"line":34,"column":89}},{"start":{"line":34,"column":93},"end":{"line":34,"column":95}}]},"5":{"loc":{"start":{"line":35,"column":60},"end":{"line":35,"column":61}},"type":"cond-expr","locations":[{"start":{"line":35,"column":60},"end":{"line":35,"column":61}},{"start":{"line":35,"column":65},"end":{"line":35,"column":89}}]},"6":{"loc":{"start":{"line":35,"column":65},"end":{"line":35,"column":83}},"type":"binary-expr","locations":[{"start":{"line":35,"column":65},"end":{"line":35,"column":83}},{"start":{"line":35,"column":87},"end":{"line":35,"column":89}}]},"7":{"loc":{"start":{"line":36,"column":27},"end":{"line":36,"column":39}},"type":"binary-expr","locations":[{"start":{"line":36,"column":27},"end":{"line":36,"column":39}},{"start":{"line":36,"column":43},"end":{"line":36,"column":44}}]},"8":{"loc":{"start":{"line":37,"column":23},"end":{"line":37,"column":38}},"type":"binary-expr","locations":[{"start":{"line":37,"column":23},"end":{"line":37,"column":38}},{"start":{"line":37,"column":42},"end":{"line":37,"column":47}}]},"9":{"loc":{"start":{"line":38,"column":32},"end":{"line":38,"column":56}},"type":"binary-expr","locations":[{"start":{"line":38,"column":32},"end":{"line":38,"column":56}},{"start":{"line":38,"column":60},"end":{"line":38,"column":65}}]},"10":{"loc":{"start":{"line":39,"column":32},"end":{"line":39,"column":56}},"type":"binary-expr","locations":[{"start":{"line":39,"column":32},"end":{"line":39,"column":56}},{"start":{"line":39,"column":60},"end":{"line":39,"column":65}}]},"11":{"loc":{"start":{"line":40,"column":26},"end":{"line":40,"column":44}},"type":"binary-expr","locations":[{"start":{"line":40,"column":26},"end":{"line":40,"column":44}},{"start":{"line":40,"column":48},"end":{"line":40,"column":53}}]},"12":{"loc":{"start":{"line":41,"column":23},"end":{"line":41,"column":38}},"type":"binary-expr","locations":[{"start":{"line":41,"column":23},"end":{"line":41,"column":38}},{"start":{"line":41,"column":42},"end":{"line":41,"column":47}}]},"13":{"loc":{"start":{"line":64,"column":8},"end":{"line":68,"column":null}},"type":"if","locations":[{"start":{"line":64,"column":8},"end":{"line":68,"column":null}},{"start":{"line":64,"column":8},"end":{"line":68,"column":null}}]},"14":{"loc":{"start":{"line":70,"column":13},"end":{"line":70,"column":null}},"type":"if","locations":[{"start":{"line":70,"column":13},"end":{"line":70,"column":null}},{"start":{"line":70,"column":13},"end":{"line":70,"column":null}}]},"15":{"loc":{"start":{"line":71,"column":8},"end":{"line":71,"column":null}},"type":"if","locations":[{"start":{"line":71,"column":8},"end":{"line":71,"column":null}},{"start":{"line":71,"column":8},"end":{"line":71,"column":null}}]},"16":{"loc":{"start":{"line":72,"column":8},"end":{"line":72,"column":null}},"type":"if","locations":[{"start":{"line":72,"column":8},"end":{"line":72,"column":null}},{"start":{"line":72,"column":8},"end":{"line":72,"column":null}}]},"17":{"loc":{"start":{"line":73,"column":8},"end":{"line":73,"column":null}},"type":"if","locations":[{"start":{"line":73,"column":8},"end":{"line":73,"column":null}},{"start":{"line":73,"column":8},"end":{"line":73,"column":null}}]},"18":{"loc":{"start":{"line":75,"column":12},"end":{"line":77,"column":null}},"type":"if","locations":[{"start":{"line":75,"column":12},"end":{"line":77,"column":null}},{"start":{"line":75,"column":12},"end":{"line":77,"column":null}}]},"19":{"loc":{"start":{"line":80,"column":16},"end":{"line":82,"column":null}},"type":"if","locations":[{"start":{"line":80,"column":16},"end":{"line":82,"column":null}},{"start":{"line":80,"column":16},"end":{"line":82,"column":null}}]},"20":{"loc":{"start":{"line":84,"column":12},"end":{"line":93,"column":null}},"type":"if","locations":[{"start":{"line":84,"column":12},"end":{"line":93,"column":null}},{"start":{"line":84,"column":12},"end":{"line":93,"column":null}}]},"21":{"loc":{"start":{"line":97,"column":8},"end":{"line":97,"column":null}},"type":"if","locations":[{"start":{"line":97,"column":8},"end":{"line":97,"column":null}},{"start":{"line":97,"column":8},"end":{"line":97,"column":null}}]},"22":{"loc":{"start":{"line":98,"column":8},"end":{"line":98,"column":null}},"type":"if","locations":[{"start":{"line":98,"column":8},"end":{"line":98,"column":null}},{"start":{"line":98,"column":8},"end":{"line":98,"column":null}}]},"23":{"loc":{"start":{"line":100,"column":16},"end":{"line":108,"column":25}},"type":"switch","locations":[{"start":{"line":100,"column":16},"end":{"line":108,"column":25}},{"start":{"line":109,"column":16},"end":{"line":116,"column":null}}]},"24":{"loc":{"start":{"line":101,"column":20},"end":{"line":107,"column":null}},"type":"if","locations":[{"start":{"line":101,"column":20},"end":{"line":107,"column":null}},{"start":{"line":101,"column":20},"end":{"line":107,"column":null}}]},"25":{"loc":{"start":{"line":110,"column":20},"end":{"line":116,"column":null}},"type":"if","locations":[{"start":{"line":110,"column":20},"end":{"line":116,"column":null}},{"start":{"line":110,"column":20},"end":{"line":116,"column":null}}]},"26":{"loc":{"start":{"line":125,"column":32},"end":{"line":125,"column":null}},"type":"if","locations":[{"start":{"line":125,"column":32},"end":{"line":125,"column":null}},{"start":{"line":125,"column":32},"end":{"line":125,"column":null}}]},"27":{"loc":{"start":{"line":127,"column":12},"end":{"line":137,"column":21}},"type":"switch","locations":[{"start":{"line":127,"column":12},"end":{"line":137,"column":21}},{"start":{"line":138,"column":12},"end":{"line":148,"column":17}}]},"28":{"loc":{"start":{"line":128,"column":16},"end":{"line":136,"column":null}},"type":"if","locations":[{"start":{"line":128,"column":16},"end":{"line":136,"column":null}},{"start":{"line":128,"column":16},"end":{"line":136,"column":null}}]},"29":{"loc":{"start":{"line":139,"column":16},"end":{"line":147,"column":null}},"type":"if","locations":[{"start":{"line":139,"column":16},"end":{"line":147,"column":null}},{"start":{"line":139,"column":16},"end":{"line":147,"column":null}}]},"30":{"loc":{"start":{"line":151,"column":34},"end":{"line":151,"column":null}},"type":"if","locations":[{"start":{"line":151,"column":34},"end":{"line":151,"column":null}},{"start":{"line":151,"column":34},"end":{"line":151,"column":null}}]},"31":{"loc":{"start":{"line":153,"column":8},"end":{"line":155,"column":null}},"type":"if","locations":[{"start":{"line":153,"column":8},"end":{"line":155,"column":null}},{"start":{"line":153,"column":8},"end":{"line":155,"column":null}}]}},"s":{"0":1,"1":1,"2":1,"3":1,"4":1,"5":1,"6":1,"7":1,"8":1,"9":1,"10":1,"11":1,"12":1,"13":1,"14":1,"15":1,"16":1,"17":1,"18":1,"19":1,"20":3,"21":2,"22":1,"23":1,"24":6,"25":6,"26":6,"27":6,"28":5,"29":5,"30":2,"31":3,"32":3,"33":3,"34":1013,"35":108,"36":3,"37":2,"38":17,"39":1,"40":1,"41":1,"42":11,"43":3,"44":1,"45":0,"46":0,"47":0,"48":0,"49":0,"50":0,"51":0,"52":0,"53":0,"54":0,"55":0,"56":0,"57":1,"58":1,"59":1,"60":1,"61":1,"62":4,"63":4,"64":2,"65":1,"66":1,"67":1,"68":1,"69":1,"70":1,"71":2,"72":1,"73":1,"74":1,"75":2,"76":1,"77":7,"78":5,"79":5,"80":2,"81":3,"82":1,"83":1},"f":{"0":1,"1":1,"2":1,"3":1,"4":3,"5":5,"6":17,"7":0,"8":0,"9":0,"10":1,"11":1,"12":4,"13":1,"14":5},"b":{"0":[1,1],"1":[0,1],"2":[1,1],"3":[0,1],"4":[1,1],"5":[0,1],"6":[1,1],"7":[1,1],"8":[1,1],"9":[1,1],"10":[1,1],"11":[1,1],"12":[1,1],"13":[2,1],"14":[1,4],"15":[1,4],"16":[1,4],"17":[1,4],"18":[2,3],"19":[108,905],"20":[2,1],"21":[0,0],"22":[0,0],"23":[0,0],"24":[0,0],"25":[0,0],"26":[0,4],"27":[2,2],"28":[1,1],"29":[1,1],"30":[2,3],"31":[2,3]}}
}
