{"/home/xena/Range-slider/src/mvc/controller.ts": {"path":"/home/xena/Range-slider/src/mvc/controller.ts","statementMap":{"0":{"start":{"line":4,"column":0},"end":{"line":4,"column":null}},"1":{"start":{"line":7,"column":4},"end":{"line":7,"column":16}},"2":{"start":{"line":12,"column":4},"end":{"line":18,"column":null}},"3":{"start":{"line":13,"column":8},"end":{"line":13,"column":null}},"4":{"start":{"line":14,"column":8},"end":{"line":14,"column":null}},"5":{"start":{"line":15,"column":8},"end":{"line":15,"column":null}},"6":{"start":{"line":16,"column":8},"end":{"line":16,"column":null}},"7":{"start":{"line":17,"column":8},"end":{"line":17,"column":null}},"8":{"start":{"line":8,"column":8},"end":{"line":8,"column":null}},"9":{"start":{"line":9,"column":8},"end":{"line":9,"column":null}},"10":{"start":{"line":10,"column":8},"end":{"line":10,"column":null}},"11":{"start":{"line":19,"column":4},"end":{"line":21,"column":null}},"12":{"start":{"line":20,"column":8},"end":{"line":20,"column":null}},"13":{"start":{"line":22,"column":4},"end":{"line":26,"column":null}},"14":{"start":{"line":23,"column":8},"end":{"line":23,"column":null}},"15":{"start":{"line":24,"column":8},"end":{"line":24,"column":null}},"16":{"start":{"line":25,"column":8},"end":{"line":25,"column":null}},"17":{"start":{"line":27,"column":0},"end":{"line":27,"column":null}},"18":{"start":{"line":29,"column":8},"end":{"line":29,"column":18}}},"fnMap":{"0":{"name":"(anonymous_0)","decl":{"start":{"line":4,"column":0},"end":{"line":4,"column":null}},"loc":{"start":{"line":4,"column":0},"end":{"line":27,"column":null}}},"1":{"name":"Controller","decl":{"start":{"line":7,"column":4},"end":{"line":7,"column":16}},"loc":{"start":{"line":7,"column":40},"end":{"line":11,"column":5}}},"2":{"name":"(anonymous_2)","decl":{"start":{"line":12,"column":11},"end":{"line":12,"column":null}},"loc":{"start":{"line":12,"column":11},"end":{"line":18,"column":5}}},"3":{"name":"(anonymous_3)","decl":{"start":{"line":19,"column":4},"end":{"line":19,"column":15}},"loc":{"start":{"line":19,"column":48},"end":{"line":21,"column":5}}},"4":{"name":"(anonymous_4)","decl":{"start":{"line":22,"column":4},"end":{"line":22,"column":14}},"loc":{"start":{"line":22,"column":4},"end":{"line":26,"column":5}}}},"branchMap":{},"s":{"0":1,"1":1,"2":1,"3":6,"4":6,"5":6,"6":6,"7":6,"8":1,"9":1,"10":1,"11":1,"12":3,"13":1,"14":5,"15":5,"16":5,"17":1,"18":1},"f":{"0":1,"1":1,"2":6,"3":3,"4":5},"b":{}}
,"/home/xena/Range-slider/src/mvc/model.ts": {"path":"/home/xena/Range-slider/src/mvc/model.ts","statementMap":{"0":{"start":{"line":17,"column":0},"end":{"line":17,"column":null}},"1":{"start":{"line":31,"column":4},"end":{"line":31,"column":16}},"2":{"start":{"line":60,"column":4},"end":{"line":62,"column":null}},"3":{"start":{"line":61,"column":8},"end":{"line":61,"column":null}},"4":{"start":{"line":32,"column":8},"end":{"line":32,"column":null}},"5":{"start":{"line":33,"column":8},"end":{"line":33,"column":null}},"6":{"start":{"line":34,"column":8},"end":{"line":34,"column":null}},"7":{"start":{"line":35,"column":8},"end":{"line":35,"column":null}},"8":{"start":{"line":36,"column":8},"end":{"line":36,"column":null}},"9":{"start":{"line":37,"column":8},"end":{"line":37,"column":null}},"10":{"start":{"line":38,"column":8},"end":{"line":38,"column":null}},"11":{"start":{"line":39,"column":8},"end":{"line":39,"column":null}},"12":{"start":{"line":40,"column":8},"end":{"line":40,"column":null}},"13":{"start":{"line":41,"column":8},"end":{"line":41,"column":null}},"14":{"start":{"line":42,"column":8},"end":{"line":42,"column":null}},"15":{"start":{"line":43,"column":8},"end":{"line":43,"column":null}},"16":{"start":{"line":44,"column":8},"end":{"line":55,"column":null}},"17":{"start":{"line":57,"column":4},"end":{"line":59,"column":null}},"18":{"start":{"line":58,"column":8},"end":{"line":58,"column":null}},"19":{"start":{"line":63,"column":4},"end":{"line":69,"column":null}},"20":{"start":{"line":64,"column":8},"end":{"line":68,"column":null}},"21":{"start":{"line":65,"column":12},"end":{"line":65,"column":null}},"22":{"start":{"line":67,"column":12},"end":{"line":67,"column":null}},"23":{"start":{"line":70,"column":4},"end":{"line":104,"column":null}},"24":{"start":{"line":70,"column":13},"end":{"line":70,"column":null}},"25":{"start":{"line":71,"column":8},"end":{"line":71,"column":null}},"26":{"start":{"line":72,"column":8},"end":{"line":72,"column":null}},"27":{"start":{"line":73,"column":8},"end":{"line":73,"column":null}},"28":{"start":{"line":74,"column":40},"end":{"line":74,"column":42}},"29":{"start":{"line":75,"column":12},"end":{"line":77,"column":null}},"30":{"start":{"line":76,"column":16},"end":{"line":76,"column":null}},"31":{"start":{"line":78,"column":33},"end":{"line":78,"column":51}},"32":{"start":{"line":80,"column":12},"end":{"line":96,"column":null}},"33":{"start":{"line":81,"column":16},"end":{"line":83,"column":null}},"34":{"start":{"line":81,"column":37},"end":{"line":81,"column":40}},"35":{"start":{"line":82,"column":20},"end":{"line":82,"column":null}},"36":{"start":{"line":85,"column":32},"end":{"line":85,"column":63}},"37":{"start":{"line":86,"column":35},"end":{"line":86,"column":38}},"38":{"start":{"line":87,"column":16},"end":{"line":92,"column":null}},"39":{"start":{"line":87,"column":37},"end":{"line":87,"column":38}},"40":{"start":{"line":88,"column":20},"end":{"line":90,"column":null}},"41":{"start":{"line":89,"column":24},"end":{"line":89,"column":null}},"42":{"start":{"line":91,"column":20},"end":{"line":91,"column":null}},"43":{"start":{"line":93,"column":16},"end":{"line":95,"column":null}},"44":{"start":{"line":94,"column":20},"end":{"line":94,"column":null}},"45":{"start":{"line":97,"column":12},"end":{"line":100,"column":null}},"46":{"start":{"line":98,"column":16},"end":{"line":98,"column":null}},"47":{"start":{"line":99,"column":16},"end":{"line":99,"column":null}},"48":{"start":{"line":102,"column":12},"end":{"line":102,"column":null}},"49":{"start":{"line":105,"column":4},"end":{"line":121,"column":null}},"50":{"start":{"line":106,"column":12},"end":{"line":120,"column":null}},"51":{"start":{"line":108,"column":20},"end":{"line":112,"column":null}},"52":{"start":{"line":109,"column":24},"end":{"line":109,"column":null}},"53":{"start":{"line":111,"column":24},"end":{"line":111,"column":null}},"54":{"start":{"line":113,"column":20},"end":{"line":113,"column":25}},"55":{"start":{"line":115,"column":20},"end":{"line":119,"column":null}},"56":{"start":{"line":116,"column":24},"end":{"line":116,"column":null}},"57":{"start":{"line":118,"column":24},"end":{"line":118,"column":null}},"58":{"start":{"line":122,"column":4},"end":{"line":143,"column":null}},"59":{"start":{"line":123,"column":8},"end":{"line":142,"column":null}},"60":{"start":{"line":125,"column":16},"end":{"line":131,"column":null}},"61":{"start":{"line":126,"column":20},"end":{"line":126,"column":null}},"62":{"start":{"line":128,"column":40},"end":{"line":128,"column":66}},"63":{"start":{"line":129,"column":20},"end":{"line":129,"column":null}},"64":{"start":{"line":130,"column":20},"end":{"line":130,"column":null}},"65":{"start":{"line":132,"column":16},"end":{"line":132,"column":21}},"66":{"start":{"line":134,"column":16},"end":{"line":140,"column":null}},"67":{"start":{"line":135,"column":20},"end":{"line":135,"column":null}},"68":{"start":{"line":137,"column":40},"end":{"line":137,"column":66}},"69":{"start":{"line":138,"column":20},"end":{"line":138,"column":null}},"70":{"start":{"line":139,"column":20},"end":{"line":139,"column":null}},"71":{"start":{"line":141,"column":12},"end":{"line":141,"column":17}},"72":{"start":{"line":144,"column":4},"end":{"line":146,"column":null}},"73":{"start":{"line":145,"column":8},"end":{"line":145,"column":null}},"74":{"start":{"line":147,"column":4},"end":{"line":149,"column":null}},"75":{"start":{"line":148,"column":8},"end":{"line":148,"column":null}},"76":{"start":{"line":150,"column":4},"end":{"line":154,"column":null}},"77":{"start":{"line":151,"column":8},"end":{"line":153,"column":null}},"78":{"start":{"line":152,"column":12},"end":{"line":152,"column":null}},"79":{"start":{"line":155,"column":4},"end":{"line":161,"column":null}},"80":{"start":{"line":155,"column":34},"end":{"line":155,"column":null}},"81":{"start":{"line":156,"column":25},"end":{"line":156,"column":53}},"82":{"start":{"line":157,"column":8},"end":{"line":159,"column":null}},"83":{"start":{"line":158,"column":12},"end":{"line":158,"column":null}},"84":{"start":{"line":160,"column":8},"end":{"line":160,"column":null}},"85":{"start":{"line":162,"column":0},"end":{"line":162,"column":null}},"86":{"start":{"line":164,"column":8},"end":{"line":164,"column":13}}},"fnMap":{"0":{"name":"(anonymous_0)","decl":{"start":{"line":17,"column":0},"end":{"line":17,"column":null}},"loc":{"start":{"line":17,"column":0},"end":{"line":162,"column":null}}},"1":{"name":"Model","decl":{"start":{"line":31,"column":4},"end":{"line":31,"column":16}},"loc":{"start":{"line":31,"column":30},"end":{"line":56,"column":5}}},"2":{"name":"(anonymous_2)","decl":{"start":{"line":60,"column":11},"end":{"line":60,"column":null}},"loc":{"start":{"line":60,"column":11},"end":{"line":62,"column":5}}},"3":{"name":"(anonymous_3)","decl":{"start":{"line":57,"column":4},"end":{"line":57,"column":13}},"loc":{"start":{"line":57,"column":38},"end":{"line":59,"column":5}}},"4":{"name":"(anonymous_4)","decl":{"start":{"line":63,"column":4},"end":{"line":63,"column":10}},"loc":{"start":{"line":63,"column":43},"end":{"line":69,"column":5}}},"5":{"name":"(anonymous_5)","decl":{"start":{"line":70,"column":4},"end":{"line":70,"column":12}},"loc":{"start":{"line":73,"column":39},"end":{"line":104,"column":5}}},"6":{"name":"(anonymous_6)","decl":{"start":{"line":105,"column":4},"end":{"line":105,"column":15}},"loc":{"start":{"line":105,"column":48},"end":{"line":121,"column":5}}},"7":{"name":"(anonymous_7)","decl":{"start":{"line":122,"column":4},"end":{"line":122,"column":13}},"loc":{"start":{"line":122,"column":46},"end":{"line":143,"column":5}}},"8":{"name":"(anonymous_8)","decl":{"start":{"line":144,"column":4},"end":{"line":144,"column":19}},"loc":{"start":{"line":144,"column":33},"end":{"line":146,"column":5}}},"9":{"name":"(anonymous_9)","decl":{"start":{"line":147,"column":4},"end":{"line":147,"column":17}},"loc":{"start":{"line":147,"column":31},"end":{"line":149,"column":5}}},"10":{"name":"(anonymous_10)","decl":{"start":{"line":150,"column":4},"end":{"line":150,"column":19}},"loc":{"start":{"line":150,"column":4},"end":{"line":154,"column":5}}},"11":{"name":"(anonymous_11)","decl":{"start":{"line":151,"column":31},"end":{"line":151,"column":39}},"loc":{"start":{"line":151,"column":39},"end":{"line":153,"column":9}}},"12":{"name":"(anonymous_12)","decl":{"start":{"line":155,"column":4},"end":{"line":155,"column":15}},"loc":{"start":{"line":155,"column":58},"end":{"line":161,"column":5}}}},"branchMap":{"0":{"loc":{"start":{"line":32,"column":26},"end":{"line":32,"column":37}},"type":"binary-expr","locations":[{"start":{"line":32,"column":26},"end":{"line":32,"column":37}},{"start":{"line":32,"column":41},"end":{"line":32,"column":42}}]},"1":{"loc":{"start":{"line":33,"column":46},"end":{"line":33,"column":47}},"type":"cond-expr","locations":[{"start":{"line":33,"column":46},"end":{"line":33,"column":47}},{"start":{"line":33,"column":51},"end":{"line":33,"column":69}}]},"2":{"loc":{"start":{"line":33,"column":51},"end":{"line":33,"column":62}},"type":"binary-expr","locations":[{"start":{"line":33,"column":51},"end":{"line":33,"column":62}},{"start":{"line":33,"column":66},"end":{"line":33,"column":69}}]},"3":{"loc":{"start":{"line":34,"column":64},"end":{"line":34,"column":65}},"type":"cond-expr","locations":[{"start":{"line":34,"column":64},"end":{"line":34,"column":65}},{"start":{"line":34,"column":69},"end":{"line":34,"column":95}}]},"4":{"loc":{"start":{"line":34,"column":69},"end":{"line":34,"column":89}},"type":"binary-expr","locations":[{"start":{"line":34,"column":69},"end":{"line":34,"column":89}},{"start":{"line":34,"column":93},"end":{"line":34,"column":95}}]},"5":{"loc":{"start":{"line":35,"column":60},"end":{"line":35,"column":61}},"type":"cond-expr","locations":[{"start":{"line":35,"column":60},"end":{"line":35,"column":61}},{"start":{"line":35,"column":65},"end":{"line":35,"column":89}}]},"6":{"loc":{"start":{"line":35,"column":65},"end":{"line":35,"column":83}},"type":"binary-expr","locations":[{"start":{"line":35,"column":65},"end":{"line":35,"column":83}},{"start":{"line":35,"column":87},"end":{"line":35,"column":89}}]},"7":{"loc":{"start":{"line":36,"column":27},"end":{"line":36,"column":39}},"type":"binary-expr","locations":[{"start":{"line":36,"column":27},"end":{"line":36,"column":39}},{"start":{"line":36,"column":43},"end":{"line":36,"column":44}}]},"8":{"loc":{"start":{"line":37,"column":23},"end":{"line":37,"column":38}},"type":"binary-expr","locations":[{"start":{"line":37,"column":23},"end":{"line":37,"column":38}},{"start":{"line":37,"column":42},"end":{"line":37,"column":47}}]},"9":{"loc":{"start":{"line":38,"column":32},"end":{"line":38,"column":56}},"type":"binary-expr","locations":[{"start":{"line":38,"column":32},"end":{"line":38,"column":56}},{"start":{"line":38,"column":60},"end":{"line":38,"column":65}}]},"10":{"loc":{"start":{"line":39,"column":32},"end":{"line":39,"column":56}},"type":"binary-expr","locations":[{"start":{"line":39,"column":32},"end":{"line":39,"column":56}},{"start":{"line":39,"column":60},"end":{"line":39,"column":65}}]},"11":{"loc":{"start":{"line":40,"column":26},"end":{"line":40,"column":44}},"type":"binary-expr","locations":[{"start":{"line":40,"column":26},"end":{"line":40,"column":44}},{"start":{"line":40,"column":48},"end":{"line":40,"column":53}}]},"12":{"loc":{"start":{"line":41,"column":23},"end":{"line":41,"column":38}},"type":"binary-expr","locations":[{"start":{"line":41,"column":23},"end":{"line":41,"column":38}},{"start":{"line":41,"column":42},"end":{"line":41,"column":47}}]},"13":{"loc":{"start":{"line":64,"column":8},"end":{"line":68,"column":null}},"type":"if","locations":[{"start":{"line":64,"column":8},"end":{"line":68,"column":null}},{"start":{"line":64,"column":8},"end":{"line":68,"column":null}}]},"14":{"loc":{"start":{"line":70,"column":13},"end":{"line":70,"column":null}},"type":"if","locations":[{"start":{"line":70,"column":13},"end":{"line":70,"column":null}},{"start":{"line":70,"column":13},"end":{"line":70,"column":null}}]},"15":{"loc":{"start":{"line":71,"column":8},"end":{"line":71,"column":null}},"type":"if","locations":[{"start":{"line":71,"column":8},"end":{"line":71,"column":null}},{"start":{"line":71,"column":8},"end":{"line":71,"column":null}}]},"16":{"loc":{"start":{"line":72,"column":8},"end":{"line":72,"column":null}},"type":"if","locations":[{"start":{"line":72,"column":8},"end":{"line":72,"column":null}},{"start":{"line":72,"column":8},"end":{"line":72,"column":null}}]},"17":{"loc":{"start":{"line":73,"column":8},"end":{"line":73,"column":null}},"type":"if","locations":[{"start":{"line":73,"column":8},"end":{"line":73,"column":null}},{"start":{"line":73,"column":8},"end":{"line":73,"column":null}}]},"18":{"loc":{"start":{"line":75,"column":12},"end":{"line":77,"column":null}},"type":"if","locations":[{"start":{"line":75,"column":12},"end":{"line":77,"column":null}},{"start":{"line":75,"column":12},"end":{"line":77,"column":null}}]},"19":{"loc":{"start":{"line":80,"column":12},"end":{"line":96,"column":null}},"type":"if","locations":[{"start":{"line":80,"column":12},"end":{"line":96,"column":null}},{"start":{"line":80,"column":12},"end":{"line":96,"column":null}}]},"20":{"loc":{"start":{"line":88,"column":20},"end":{"line":90,"column":null}},"type":"if","locations":[{"start":{"line":88,"column":20},"end":{"line":90,"column":null}},{"start":{"line":88,"column":20},"end":{"line":90,"column":null}}]},"21":{"loc":{"start":{"line":93,"column":16},"end":{"line":95,"column":null}},"type":"if","locations":[{"start":{"line":93,"column":16},"end":{"line":95,"column":null}},{"start":{"line":93,"column":16},"end":{"line":95,"column":null}}]},"22":{"loc":{"start":{"line":97,"column":12},"end":{"line":100,"column":null}},"type":"if","locations":[{"start":{"line":97,"column":12},"end":{"line":100,"column":null}},{"start":{"line":97,"column":12},"end":{"line":100,"column":null}}]},"23":{"loc":{"start":{"line":107,"column":16},"end":{"line":113,"column":25}},"type":"switch","locations":[{"start":{"line":107,"column":16},"end":{"line":113,"column":25}},{"start":{"line":114,"column":16},"end":{"line":119,"column":null}}]},"24":{"loc":{"start":{"line":108,"column":20},"end":{"line":112,"column":null}},"type":"if","locations":[{"start":{"line":108,"column":20},"end":{"line":112,"column":null}},{"start":{"line":108,"column":20},"end":{"line":112,"column":null}}]},"25":{"loc":{"start":{"line":115,"column":20},"end":{"line":119,"column":null}},"type":"if","locations":[{"start":{"line":115,"column":20},"end":{"line":119,"column":null}},{"start":{"line":115,"column":20},"end":{"line":119,"column":null}}]},"26":{"loc":{"start":{"line":124,"column":12},"end":{"line":132,"column":21}},"type":"switch","locations":[{"start":{"line":124,"column":12},"end":{"line":132,"column":21}},{"start":{"line":133,"column":12},"end":{"line":141,"column":17}}]},"27":{"loc":{"start":{"line":125,"column":16},"end":{"line":131,"column":null}},"type":"if","locations":[{"start":{"line":125,"column":16},"end":{"line":131,"column":null}},{"start":{"line":125,"column":16},"end":{"line":131,"column":null}}]},"28":{"loc":{"start":{"line":134,"column":16},"end":{"line":140,"column":null}},"type":"if","locations":[{"start":{"line":134,"column":16},"end":{"line":140,"column":null}},{"start":{"line":134,"column":16},"end":{"line":140,"column":null}}]},"29":{"loc":{"start":{"line":155,"column":34},"end":{"line":155,"column":null}},"type":"if","locations":[{"start":{"line":155,"column":34},"end":{"line":155,"column":null}},{"start":{"line":155,"column":34},"end":{"line":155,"column":null}}]},"30":{"loc":{"start":{"line":157,"column":8},"end":{"line":159,"column":null}},"type":"if","locations":[{"start":{"line":157,"column":8},"end":{"line":159,"column":null}},{"start":{"line":157,"column":8},"end":{"line":159,"column":null}}]}},"s":{"0":2,"1":8,"2":8,"3":2,"4":8,"5":8,"6":8,"7":8,"8":8,"9":8,"10":8,"11":8,"12":8,"13":8,"14":8,"15":8,"16":8,"17":2,"18":6,"19":2,"20":3,"21":2,"22":1,"23":2,"24":22,"25":22,"26":22,"27":22,"28":13,"29":13,"30":10,"31":3,"32":3,"33":2,"34":2,"35":17,"36":1,"37":1,"38":1,"39":1,"40":10,"41":10,"42":10,"43":1,"44":1,"45":3,"46":0,"47":0,"48":3,"49":2,"50":4,"51":2,"52":1,"53":1,"54":2,"55":2,"56":1,"57":1,"58":2,"59":4,"60":2,"61":1,"62":1,"63":1,"64":1,"65":2,"66":2,"67":1,"68":1,"69":1,"70":1,"71":2,"72":2,"73":1,"74":2,"75":1,"76":2,"77":3,"78":3,"79":2,"80":7,"81":5,"82":5,"83":2,"84":3,"85":2,"86":2},"f":{"0":2,"1":8,"2":2,"3":6,"4":3,"5":13,"6":4,"7":4,"8":1,"9":1,"10":3,"11":3,"12":5},"b":{"0":[8,8],"1":[1,7],"2":[7,6],"3":[1,7],"4":[7,6],"5":[1,7],"6":[7,6],"7":[8,8],"8":[8,8],"9":[8,8],"10":[8,8],"11":[8,8],"12":[8,8],"13":[2,1],"14":[9,4],"15":[9,4],"16":[9,4],"17":[9,4],"18":[10,3],"19":[2,1],"20":[10,0],"21":[1,0],"22":[0,3],"23":[2,2],"24":[1,1],"25":[1,1],"26":[2,2],"27":[1,1],"28":[1,1],"29":[2,3],"30":[2,3]}}
,"/home/xena/Range-slider/src/mvc/view/progressBar.ts": {"path":"/home/xena/Range-slider/src/mvc/view/progressBar.ts","statementMap":{"0":{"start":{"line":1,"column":0},"end":{"line":1,"column":null}},"1":{"start":{"line":3,"column":4},"end":{"line":7,"column":null}},"2":{"start":{"line":4,"column":8},"end":{"line":4,"column":null}},"3":{"start":{"line":5,"column":8},"end":{"line":5,"column":null}},"4":{"start":{"line":6,"column":8},"end":{"line":6,"column":null}},"5":{"start":{"line":8,"column":4},"end":{"line":10,"column":null}},"6":{"start":{"line":9,"column":8},"end":{"line":9,"column":null}},"7":{"start":{"line":11,"column":4},"end":{"line":19,"column":null}},"8":{"start":{"line":12,"column":8},"end":{"line":18,"column":null}},"9":{"start":{"line":13,"column":12},"end":{"line":13,"column":null}},"10":{"start":{"line":14,"column":12},"end":{"line":14,"column":null}},"11":{"start":{"line":16,"column":12},"end":{"line":16,"column":null}},"12":{"start":{"line":17,"column":12},"end":{"line":17,"column":null}},"13":{"start":{"line":20,"column":4},"end":{"line":23,"column":null}},"14":{"start":{"line":21,"column":8},"end":{"line":21,"column":null}},"15":{"start":{"line":22,"column":8},"end":{"line":22,"column":null}},"16":{"start":{"line":24,"column":0},"end":{"line":24,"column":null}},"17":{"start":{"line":26,"column":8},"end":{"line":26,"column":19}}},"fnMap":{"0":{"name":"(anonymous_0)","decl":{"start":{"line":1,"column":0},"end":{"line":1,"column":null}},"loc":{"start":{"line":1,"column":0},"end":{"line":24,"column":null}}},"1":{"name":"(anonymous_2)","decl":{"start":{"line":3,"column":4},"end":{"line":3,"column":21}},"loc":{"start":{"line":3,"column":44},"end":{"line":7,"column":5}}},"2":{"name":"(anonymous_3)","decl":{"start":{"line":8,"column":4},"end":{"line":8,"column":15}},"loc":{"start":{"line":8,"column":55},"end":{"line":10,"column":5}}},"3":{"name":"(anonymous_4)","decl":{"start":{"line":11,"column":4},"end":{"line":11,"column":14}},"loc":{"start":{"line":11,"column":72},"end":{"line":19,"column":5}}},"4":{"name":"(anonymous_5)","decl":{"start":{"line":20,"column":4},"end":{"line":20,"column":12}},"loc":{"start":{"line":20,"column":28},"end":{"line":23,"column":5}}}},"branchMap":{"0":{"loc":{"start":{"line":12,"column":8},"end":{"line":18,"column":null}},"type":"if","locations":[{"start":{"line":12,"column":8},"end":{"line":18,"column":null}},{"start":{"line":12,"column":8},"end":{"line":18,"column":null}}]},"1":{"loc":{"start":{"line":14,"column":43},"end":{"line":14,"column":55}},"type":"binary-expr","locations":[{"start":{"line":14,"column":43},"end":{"line":14,"column":55}},{"start":{"line":14,"column":59},"end":{"line":14,"column":60}}]}},"s":{"0":3,"1":3,"2":4,"3":4,"4":4,"5":3,"6":12,"7":3,"8":7,"9":5,"10":5,"11":2,"12":2,"13":3,"14":2,"15":2,"16":3,"17":3},"f":{"0":5,"1":4,"2":12,"3":7,"4":2},"b":{"0":[5,2],"1":[5,2]}}
,"/home/xena/Range-slider/src/mvc/view/scale.ts": {"path":"/home/xena/Range-slider/src/mvc/view/scale.ts","statementMap":{"0":{"start":{"line":1,"column":0},"end":{"line":1,"column":null}},"1":{"start":{"line":3,"column":4},"end":{"line":29,"column":null}},"2":{"start":{"line":4,"column":27},"end":{"line":4,"column":56}},"3":{"start":{"line":5,"column":8},"end":{"line":5,"column":null}},"4":{"start":{"line":7,"column":23},"end":{"line":7,"column":25}},"5":{"start":{"line":8,"column":8},"end":{"line":23,"column":null}},"6":{"start":{"line":8,"column":21},"end":{"line":8,"column":22}},"7":{"start":{"line":9,"column":45},"end":{"line":9,"column":74}},"8":{"start":{"line":10,"column":12},"end":{"line":10,"column":null}},"9":{"start":{"line":11,"column":34},"end":{"line":11,"column":48}},"10":{"start":{"line":12,"column":12},"end":{"line":12,"column":null}},"11":{"start":{"line":13,"column":12},"end":{"line":13,"column":null}},"12":{"start":{"line":14,"column":24},"end":{"line":14,"column":38}},"13":{"start":{"line":15,"column":24},"end":{"line":15,"column":59}},"14":{"start":{"line":16,"column":36},"end":{"line":16,"column":83}},"15":{"start":{"line":17,"column":12},"end":{"line":17,"column":null}},"16":{"start":{"line":20,"column":12},"end":{"line":20,"column":null}},"17":{"start":{"line":22,"column":12},"end":{"line":22,"column":null}},"18":{"start":{"line":24,"column":8},"end":{"line":27,"column":null}},"19":{"start":{"line":30,"column":4},"end":{"line":32,"column":null}},"20":{"start":{"line":31,"column":8},"end":{"line":31,"column":null}},"21":{"start":{"line":33,"column":0},"end":{"line":33,"column":null}},"22":{"start":{"line":35,"column":9},"end":{"line":35,"column":14}}},"fnMap":{"0":{"name":"(anonymous_0)","decl":{"start":{"line":1,"column":0},"end":{"line":1,"column":null}},"loc":{"start":{"line":1,"column":0},"end":{"line":33,"column":null}}},"1":{"name":"(anonymous_2)","decl":{"start":{"line":3,"column":18},"end":{"line":3,"column":19}},"loc":{"start":{"line":3,"column":60},"end":{"line":29,"column":5}}},"2":{"name":"(anonymous_3)","decl":{"start":{"line":30,"column":17},"end":{"line":30,"column":18}},"loc":{"start":{"line":30,"column":40},"end":{"line":32,"column":5}}}},"branchMap":{},"s":{"0":3,"1":1,"2":1,"3":1,"4":1,"5":1,"6":1,"7":3,"8":3,"9":3,"10":3,"11":3,"12":3,"13":3,"14":3,"15":3,"16":3,"17":3,"18":1,"19":1,"20":3,"21":2,"22":2},"f":{"0":3,"1":1,"2":3},"b":{}}
,"/home/xena/Range-slider/src/mvc/view/slider.ts": {"path":"/home/xena/Range-slider/src/mvc/view/slider.ts","statementMap":{"0":{"start":{"line":1,"column":0},"end":{"line":1,"column":null}},"1":{"start":{"line":6,"column":4},"end":{"line":11,"column":null}},"2":{"start":{"line":7,"column":8},"end":{"line":7,"column":null}},"3":{"start":{"line":8,"column":8},"end":{"line":8,"column":null}},"4":{"start":{"line":9,"column":8},"end":{"line":9,"column":null}},"5":{"start":{"line":10,"column":8},"end":{"line":10,"column":null}},"6":{"start":{"line":13,"column":4},"end":{"line":17,"column":null}},"7":{"start":{"line":14,"column":8},"end":{"line":14,"column":null}},"8":{"start":{"line":15,"column":8},"end":{"line":15,"column":null}},"9":{"start":{"line":16,"column":8},"end":{"line":16,"column":null}},"10":{"start":{"line":19,"column":4},"end":{"line":39,"column":null}},"11":{"start":{"line":20,"column":8},"end":{"line":38,"column":null}},"12":{"start":{"line":21,"column":12},"end":{"line":21,"column":null}},"13":{"start":{"line":22,"column":12},"end":{"line":22,"column":null}},"14":{"start":{"line":23,"column":12},"end":{"line":23,"column":null}},"15":{"start":{"line":24,"column":12},"end":{"line":24,"column":null}},"16":{"start":{"line":25,"column":12},"end":{"line":25,"column":null}},"17":{"start":{"line":27,"column":12},"end":{"line":27,"column":null}},"18":{"start":{"line":28,"column":12},"end":{"line":28,"column":null}},"19":{"start":{"line":29,"column":12},"end":{"line":29,"column":null}},"20":{"start":{"line":30,"column":12},"end":{"line":30,"column":null}},"21":{"start":{"line":31,"column":12},"end":{"line":31,"column":null}},"22":{"start":{"line":34,"column":12},"end":{"line":34,"column":null}},"23":{"start":{"line":35,"column":12},"end":{"line":35,"column":null}},"24":{"start":{"line":36,"column":12},"end":{"line":36,"column":null}},"25":{"start":{"line":37,"column":12},"end":{"line":37,"column":null}},"26":{"start":{"line":40,"column":4},"end":{"line":45,"column":null}},"27":{"start":{"line":41,"column":8},"end":{"line":41,"column":null}},"28":{"start":{"line":42,"column":8},"end":{"line":44,"column":null}},"29":{"start":{"line":43,"column":12},"end":{"line":43,"column":null}},"30":{"start":{"line":46,"column":4},"end":{"line":51,"column":null}},"31":{"start":{"line":47,"column":8},"end":{"line":47,"column":null}},"32":{"start":{"line":48,"column":8},"end":{"line":50,"column":null}},"33":{"start":{"line":49,"column":12},"end":{"line":49,"column":null}},"34":{"start":{"line":52,"column":4},"end":{"line":57,"column":null}},"35":{"start":{"line":52,"column":30},"end":{"line":52,"column":null}},"36":{"start":{"line":53,"column":8},"end":{"line":53,"column":null}},"37":{"start":{"line":54,"column":8},"end":{"line":56,"column":null}},"38":{"start":{"line":55,"column":12},"end":{"line":55,"column":null}},"39":{"start":{"line":58,"column":0},"end":{"line":58,"column":null}},"40":{"start":{"line":60,"column":8},"end":{"line":60,"column":14}}},"fnMap":{"0":{"name":"(anonymous_0)","decl":{"start":{"line":1,"column":0},"end":{"line":1,"column":null}},"loc":{"start":{"line":1,"column":0},"end":{"line":58,"column":null}}},"1":{"name":"(anonymous_2)","decl":{"start":{"line":6,"column":4},"end":{"line":6,"column":8}},"loc":{"start":{"line":6,"column":76},"end":{"line":11,"column":5}}},"2":{"name":"(anonymous_3)","decl":{"start":{"line":13,"column":4},"end":{"line":13,"column":14}},"loc":{"start":{"line":13,"column":37},"end":{"line":17,"column":5}}},"3":{"name":"(anonymous_4)","decl":{"start":{"line":19,"column":4},"end":{"line":19,"column":15}},"loc":{"start":{"line":19,"column":33},"end":{"line":39,"column":5}}},"4":{"name":"(anonymous_5)","decl":{"start":{"line":40,"column":4},"end":{"line":40,"column":17}},"loc":{"start":{"line":40,"column":71},"end":{"line":45,"column":5}}},"5":{"name":"(anonymous_6)","decl":{"start":{"line":46,"column":4},"end":{"line":46,"column":10}},"loc":{"start":{"line":46,"column":41},"end":{"line":51,"column":5}}},"6":{"name":"(anonymous_7)","decl":{"start":{"line":52,"column":4},"end":{"line":52,"column":10}},"loc":{"start":{"line":52,"column":47},"end":{"line":57,"column":5}}}},"branchMap":{"0":{"loc":{"start":{"line":20,"column":8},"end":{"line":38,"column":null}},"type":"if","locations":[{"start":{"line":20,"column":8},"end":{"line":38,"column":null}},{"start":{"line":20,"column":8},"end":{"line":38,"column":null}}]},"1":{"loc":{"start":{"line":42,"column":8},"end":{"line":44,"column":null}},"type":"if","locations":[{"start":{"line":42,"column":8},"end":{"line":44,"column":null}},{"start":{"line":42,"column":8},"end":{"line":44,"column":null}}]},"2":{"loc":{"start":{"line":48,"column":8},"end":{"line":50,"column":null}},"type":"if","locations":[{"start":{"line":48,"column":8},"end":{"line":50,"column":null}},{"start":{"line":48,"column":8},"end":{"line":50,"column":null}}]},"3":{"loc":{"start":{"line":52,"column":30},"end":{"line":52,"column":null}},"type":"if","locations":[{"start":{"line":52,"column":30},"end":{"line":52,"column":null}},{"start":{"line":52,"column":30},"end":{"line":52,"column":null}}]},"4":{"loc":{"start":{"line":54,"column":8},"end":{"line":56,"column":null}},"type":"if","locations":[{"start":{"line":54,"column":8},"end":{"line":56,"column":null}},{"start":{"line":54,"column":8},"end":{"line":56,"column":null}}]}},"s":{"0":3,"1":3,"2":9,"3":9,"4":9,"5":9,"6":3,"7":8,"8":8,"9":8,"10":3,"11":7,"12":4,"13":4,"14":4,"15":4,"16":4,"17":4,"18":4,"19":4,"20":4,"21":4,"22":3,"23":3,"24":3,"25":3,"26":3,"27":10,"28":10,"29":6,"30":3,"31":5,"32":5,"33":2,"34":3,"35":8,"36":7,"37":7,"38":3,"39":3,"40":3},"f":{"0":5,"1":9,"2":8,"3":7,"4":10,"5":5,"6":7},"b":{"0":[4,3],"1":[6,4],"2":[2,3],"3":[1,6],"4":[3,4]}}
,"/home/xena/Range-slider/src/mvc/view/thumb.ts": {"path":"/home/xena/Range-slider/src/mvc/view/thumb.ts","statementMap":{"0":{"start":{"line":1,"column":0},"end":{"line":1,"column":null}},"1":{"start":{"line":8,"column":4},"end":{"line":19,"column":null}},"2":{"start":{"line":14,"column":8},"end":{"line":14,"column":null}},"3":{"start":{"line":15,"column":8},"end":{"line":18,"column":null}},"4":{"start":{"line":16,"column":12},"end":{"line":16,"column":null}},"5":{"start":{"line":17,"column":12},"end":{"line":17,"column":null}},"6":{"start":{"line":20,"column":4},"end":{"line":39,"column":null}},"7":{"start":{"line":21,"column":8},"end":{"line":38,"column":null}},"8":{"start":{"line":22,"column":12},"end":{"line":22,"column":null}},"9":{"start":{"line":23,"column":12},"end":{"line":23,"column":null}},"10":{"start":{"line":24,"column":12},"end":{"line":24,"column":null}},"11":{"start":{"line":25,"column":12},"end":{"line":25,"column":null}},"12":{"start":{"line":27,"column":12},"end":{"line":27,"column":null}},"13":{"start":{"line":28,"column":12},"end":{"line":28,"column":null}},"14":{"start":{"line":29,"column":12},"end":{"line":29,"column":null}},"15":{"start":{"line":30,"column":12},"end":{"line":30,"column":null}},"16":{"start":{"line":33,"column":12},"end":{"line":33,"column":null}},"17":{"start":{"line":34,"column":12},"end":{"line":34,"column":null}},"18":{"start":{"line":35,"column":12},"end":{"line":35,"column":null}},"19":{"start":{"line":40,"column":4},"end":{"line":49,"column":null}},"20":{"start":{"line":41,"column":8},"end":{"line":45,"column":null}},"21":{"start":{"line":42,"column":12},"end":{"line":42,"column":null}},"22":{"start":{"line":43,"column":12},"end":{"line":43,"column":null}},"23":{"start":{"line":44,"column":12},"end":{"line":44,"column":null}},"24":{"start":{"line":46,"column":8},"end":{"line":46,"column":null}},"25":{"start":{"line":47,"column":8},"end":{"line":47,"column":null}},"26":{"start":{"line":48,"column":8},"end":{"line":48,"column":null}},"27":{"start":{"line":50,"column":4},"end":{"line":60,"column":null}},"28":{"start":{"line":51,"column":8},"end":{"line":56,"column":null}},"29":{"start":{"line":52,"column":12},"end":{"line":52,"column":null}},"30":{"start":{"line":53,"column":12},"end":{"line":55,"column":null}},"31":{"start":{"line":54,"column":16},"end":{"line":54,"column":null}},"32":{"start":{"line":62,"column":4},"end":{"line":67,"column":null}},"33":{"start":{"line":63,"column":8},"end":{"line":63,"column":null}},"34":{"start":{"line":64,"column":8},"end":{"line":66,"column":null}},"35":{"start":{"line":65,"column":12},"end":{"line":65,"column":null}},"36":{"start":{"line":68,"column":0},"end":{"line":68,"column":null}},"37":{"start":{"line":70,"column":8},"end":{"line":70,"column":13}}},"fnMap":{"0":{"name":"(anonymous_0)","decl":{"start":{"line":1,"column":0},"end":{"line":1,"column":null}},"loc":{"start":{"line":1,"column":0},"end":{"line":68,"column":null}}},"1":{"name":"(anonymous_2)","decl":{"start":{"line":8,"column":4},"end":{"line":8,"column":8}},"loc":{"start":{"line":12,"column":27},"end":{"line":19,"column":5}}},"2":{"name":"(anonymous_3)","decl":{"start":{"line":20,"column":4},"end":{"line":20,"column":15}},"loc":{"start":{"line":20,"column":57},"end":{"line":39,"column":5}}},"3":{"name":"(anonymous_4)","decl":{"start":{"line":40,"column":4},"end":{"line":40,"column":22}},"loc":{"start":{"line":40,"column":94},"end":{"line":49,"column":5}}},"4":{"name":"(anonymous_5)","decl":{"start":{"line":50,"column":4},"end":{"line":50,"column":17}},"loc":{"start":{"line":50,"column":71},"end":{"line":60,"column":5}}},"5":{"name":"(anonymous_6)","decl":{"start":{"line":62,"column":4},"end":{"line":62,"column":14}},"loc":{"start":{"line":62,"column":72},"end":{"line":67,"column":5}}}},"branchMap":{"0":{"loc":{"start":{"line":15,"column":8},"end":{"line":18,"column":null}},"type":"if","locations":[{"start":{"line":15,"column":8},"end":{"line":18,"column":null}},{"start":{"line":15,"column":8},"end":{"line":18,"column":null}}]},"1":{"loc":{"start":{"line":21,"column":8},"end":{"line":38,"column":null}},"type":"if","locations":[{"start":{"line":21,"column":8},"end":{"line":38,"column":null}},{"start":{"line":21,"column":8},"end":{"line":38,"column":null}}]},"2":{"loc":{"start":{"line":41,"column":8},"end":{"line":45,"column":null}},"type":"if","locations":[{"start":{"line":41,"column":8},"end":{"line":45,"column":null}},{"start":{"line":41,"column":8},"end":{"line":45,"column":null}}]},"3":{"loc":{"start":{"line":51,"column":8},"end":{"line":56,"column":null}},"type":"if","locations":[{"start":{"line":51,"column":8},"end":{"line":56,"column":null}},{"start":{"line":51,"column":8},"end":{"line":56,"column":null}}]},"4":{"loc":{"start":{"line":53,"column":12},"end":{"line":55,"column":null}},"type":"if","locations":[{"start":{"line":53,"column":12},"end":{"line":55,"column":null}},{"start":{"line":53,"column":12},"end":{"line":55,"column":null}}]},"5":{"loc":{"start":{"line":64,"column":8},"end":{"line":66,"column":null}},"type":"if","locations":[{"start":{"line":64,"column":8},"end":{"line":66,"column":null}},{"start":{"line":64,"column":8},"end":{"line":66,"column":null}}]},"6":{"loc":{"start":{"line":65,"column":50},"end":{"line":65,"column":62}},"type":"binary-expr","locations":[{"start":{"line":65,"column":50},"end":{"line":65,"column":62}},{"start":{"line":65,"column":66},"end":{"line":65,"column":67}}]}},"s":{"0":3,"1":3,"2":3,"3":3,"4":1,"5":1,"6":3,"7":3,"8":1,"9":1,"10":1,"11":1,"12":1,"13":1,"14":1,"15":1,"16":2,"17":2,"18":2,"19":3,"20":5,"21":3,"22":3,"23":3,"24":5,"25":5,"26":5,"27":3,"28":4,"29":3,"30":3,"31":2,"32":3,"33":7,"34":7,"35":5,"36":3,"37":3},"f":{"0":5,"1":3,"2":3,"3":5,"4":4,"5":7},"b":{"0":[1,2],"1":[1,2],"2":[3,2],"3":[3,1],"4":[2,1],"5":[5,2],"6":[5,2]}}
,"/home/xena/Range-slider/src/mvc/view/track.ts": {"path":"/home/xena/Range-slider/src/mvc/view/track.ts","statementMap":{"0":{"start":{"line":1,"column":0},"end":{"line":1,"column":null}},"1":{"start":{"line":5,"column":4},"end":{"line":8,"column":null}},"2":{"start":{"line":6,"column":8},"end":{"line":6,"column":null}},"3":{"start":{"line":7,"column":8},"end":{"line":7,"column":null}},"4":{"start":{"line":10,"column":4},"end":{"line":14,"column":null}},"5":{"start":{"line":11,"column":8},"end":{"line":11,"column":null}},"6":{"start":{"line":12,"column":8},"end":{"line":12,"column":null}},"7":{"start":{"line":13,"column":8},"end":{"line":13,"column":null}},"8":{"start":{"line":16,"column":4},"end":{"line":20,"column":null}},"9":{"start":{"line":17,"column":8},"end":{"line":17,"column":null}},"10":{"start":{"line":18,"column":8},"end":{"line":18,"column":null}},"11":{"start":{"line":19,"column":8},"end":{"line":19,"column":null}},"12":{"start":{"line":21,"column":0},"end":{"line":21,"column":null}},"13":{"start":{"line":23,"column":8},"end":{"line":23,"column":13}}},"fnMap":{"0":{"name":"(anonymous_0)","decl":{"start":{"line":1,"column":0},"end":{"line":1,"column":null}},"loc":{"start":{"line":1,"column":0},"end":{"line":21,"column":null}}},"1":{"name":"(anonymous_2)","decl":{"start":{"line":5,"column":4},"end":{"line":5,"column":8}},"loc":{"start":{"line":5,"column":31},"end":{"line":8,"column":5}}},"2":{"name":"(anonymous_3)","decl":{"start":{"line":10,"column":4},"end":{"line":10,"column":16}},"loc":{"start":{"line":10,"column":39},"end":{"line":14,"column":5}}},"3":{"name":"(anonymous_4)","decl":{"start":{"line":16,"column":4},"end":{"line":16,"column":15}},"loc":{"start":{"line":16,"column":4},"end":{"line":20,"column":5}}}},"branchMap":{},"s":{"0":2,"1":2,"2":3,"3":3,"4":2,"5":3,"6":3,"7":3,"8":2,"9":3,"10":3,"11":3,"12":2,"13":2},"f":{"0":3,"1":3,"2":3,"3":3},"b":{}}
,"/home/xena/Range-slider/src/mvc/view/view.ts": {"path":"/home/xena/Range-slider/src/mvc/view/view.ts","statementMap":{"0":{"start":{"line":24,"column":0},"end":{"line":24,"column":null}},"1":{"start":{"line":37,"column":4},"end":{"line":37,"column":16}},"2":{"start":{"line":65,"column":4},"end":{"line":118,"column":null}},"3":{"start":{"line":66,"column":8},"end":{"line":66,"column":null}},"4":{"start":{"line":68,"column":8},"end":{"line":73,"column":null}},"5":{"start":{"line":74,"column":8},"end":{"line":74,"column":null}},"6":{"start":{"line":75,"column":8},"end":{"line":75,"column":null}},"7":{"start":{"line":76,"column":8},"end":{"line":82,"column":null}},"8":{"start":{"line":84,"column":8},"end":{"line":84,"column":null}},"9":{"start":{"line":85,"column":8},"end":{"line":85,"column":null}},"10":{"start":{"line":86,"column":8},"end":{"line":88,"column":null}},"11":{"start":{"line":87,"column":12},"end":{"line":87,"column":null}},"12":{"start":{"line":89,"column":8},"end":{"line":91,"column":null}},"13":{"start":{"line":90,"column":12},"end":{"line":90,"column":null}},"14":{"start":{"line":92,"column":8},"end":{"line":92,"column":null}},"15":{"start":{"line":93,"column":8},"end":{"line":93,"column":null}},"16":{"start":{"line":97,"column":8},"end":{"line":103,"column":null}},"17":{"start":{"line":98,"column":12},"end":{"line":98,"column":null}},"18":{"start":{"line":99,"column":12},"end":{"line":102,"column":null}},"19":{"start":{"line":100,"column":16},"end":{"line":100,"column":null}},"20":{"start":{"line":101,"column":16},"end":{"line":101,"column":96}},"21":{"start":{"line":104,"column":8},"end":{"line":117,"column":null}},"22":{"start":{"line":105,"column":24},"end":{"line":105,"column":98}},"23":{"start":{"line":106,"column":31},"end":{"line":106,"column":49}},"24":{"start":{"line":107,"column":30},"end":{"line":107,"column":42}},"25":{"start":{"line":109,"column":12},"end":{"line":109,"column":null}},"26":{"start":{"line":112,"column":16},"end":{"line":114,"column":null}},"27":{"start":{"line":113,"column":20},"end":{"line":113,"column":null}},"28":{"start":{"line":111,"column":12},"end":{"line":115,"column":null}},"29":{"start":{"line":111,"column":25},"end":{"line":111,"column":26}},"30":{"start":{"line":111,"column":21},"end":{"line":111,"column":25}},"31":{"start":{"line":119,"column":4},"end":{"line":124,"column":null}},"32":{"start":{"line":120,"column":8},"end":{"line":120,"column":null}},"33":{"start":{"line":121,"column":8},"end":{"line":121,"column":null}},"34":{"start":{"line":122,"column":8},"end":{"line":122,"column":null}},"35":{"start":{"line":123,"column":8},"end":{"line":123,"column":null}},"36":{"start":{"line":125,"column":4},"end":{"line":132,"column":null}},"37":{"start":{"line":126,"column":8},"end":{"line":131,"column":null}},"38":{"start":{"line":127,"column":12},"end":{"line":127,"column":null}},"39":{"start":{"line":128,"column":12},"end":{"line":128,"column":null}},"40":{"start":{"line":130,"column":12},"end":{"line":130,"column":null}},"41":{"start":{"line":133,"column":4},"end":{"line":152,"column":null}},"42":{"start":{"line":134,"column":8},"end":{"line":134,"column":null}},"43":{"start":{"line":135,"column":37},"end":{"line":138,"column":55}},"44":{"start":{"line":140,"column":35},"end":{"line":145,"column":21}},"45":{"start":{"line":147,"column":8},"end":{"line":147,"column":null}},"46":{"start":{"line":148,"column":8},"end":{"line":150,"column":null}},"47":{"start":{"line":149,"column":12},"end":{"line":149,"column":null}},"48":{"start":{"line":151,"column":8},"end":{"line":151,"column":null}},"49":{"start":{"line":153,"column":4},"end":{"line":176,"column":null}},"50":{"start":{"line":154,"column":8},"end":{"line":163,"column":null}},"51":{"start":{"line":155,"column":12},"end":{"line":155,"column":null}},"52":{"start":{"line":156,"column":12},"end":{"line":156,"column":null}},"53":{"start":{"line":157,"column":12},"end":{"line":159,"column":null}},"54":{"start":{"line":158,"column":16},"end":{"line":158,"column":null}},"55":{"start":{"line":160,"column":12},"end":{"line":160,"column":null}},"56":{"start":{"line":161,"column":12},"end":{"line":162,"column":null}},"57":{"start":{"line":164,"column":8},"end":{"line":175,"column":null}},"58":{"start":{"line":165,"column":12},"end":{"line":174,"column":null}},"59":{"start":{"line":166,"column":16},"end":{"line":166,"column":null}},"60":{"start":{"line":167,"column":16},"end":{"line":167,"column":null}},"61":{"start":{"line":168,"column":16},"end":{"line":170,"column":null}},"62":{"start":{"line":169,"column":20},"end":{"line":169,"column":null}},"63":{"start":{"line":171,"column":16},"end":{"line":172,"column":null}},"64":{"start":{"line":173,"column":16},"end":{"line":173,"column":null}},"65":{"start":{"line":219,"column":4},"end":{"line":250,"column":null}},"66":{"start":{"line":220,"column":8},"end":{"line":225,"column":null}},"67":{"start":{"line":221,"column":12},"end":{"line":223,"column":null}},"68":{"start":{"line":222,"column":16},"end":{"line":222,"column":null}},"69":{"start":{"line":224,"column":12},"end":{"line":224,"column":null}},"70":{"start":{"line":226,"column":8},"end":{"line":234,"column":null}},"71":{"start":{"line":227,"column":12},"end":{"line":232,"column":null}},"72":{"start":{"line":228,"column":16},"end":{"line":230,"column":null}},"73":{"start":{"line":229,"column":20},"end":{"line":229,"column":95}},"74":{"start":{"line":231,"column":16},"end":{"line":231,"column":null}},"75":{"start":{"line":236,"column":8},"end":{"line":241,"column":null}},"76":{"start":{"line":237,"column":12},"end":{"line":239,"column":null}},"77":{"start":{"line":238,"column":16},"end":{"line":238,"column":null}},"78":{"start":{"line":240,"column":12},"end":{"line":240,"column":null}},"79":{"start":{"line":242,"column":8},"end":{"line":249,"column":null}},"80":{"start":{"line":243,"column":12},"end":{"line":248,"column":null}},"81":{"start":{"line":244,"column":16},"end":{"line":246,"column":null}},"82":{"start":{"line":245,"column":20},"end":{"line":245,"column":98}},"83":{"start":{"line":247,"column":16},"end":{"line":247,"column":null}},"84":{"start":{"line":251,"column":4},"end":{"line":269,"column":null}},"85":{"start":{"line":252,"column":8},"end":{"line":254,"column":null}},"86":{"start":{"line":253,"column":12},"end":{"line":253,"column":null}},"87":{"start":{"line":255,"column":8},"end":{"line":259,"column":null}},"88":{"start":{"line":256,"column":12},"end":{"line":258,"column":null}},"89":{"start":{"line":257,"column":16},"end":{"line":257,"column":null}},"90":{"start":{"line":261,"column":8},"end":{"line":263,"column":null}},"91":{"start":{"line":262,"column":12},"end":{"line":262,"column":null}},"92":{"start":{"line":264,"column":8},"end":{"line":268,"column":null}},"93":{"start":{"line":265,"column":12},"end":{"line":267,"column":null}},"94":{"start":{"line":266,"column":16},"end":{"line":266,"column":null}},"95":{"start":{"line":38,"column":8},"end":{"line":38,"column":null}},"96":{"start":{"line":39,"column":8},"end":{"line":39,"column":null}},"97":{"start":{"line":40,"column":8},"end":{"line":40,"column":null}},"98":{"start":{"line":41,"column":8},"end":{"line":41,"column":null}},"99":{"start":{"line":42,"column":8},"end":{"line":42,"column":null}},"100":{"start":{"line":43,"column":8},"end":{"line":43,"column":null}},"101":{"start":{"line":46,"column":8},"end":{"line":57,"column":null}},"102":{"start":{"line":59,"column":8},"end":{"line":59,"column":null}},"103":{"start":{"line":61,"column":4},"end":{"line":63,"column":null}},"104":{"start":{"line":62,"column":8},"end":{"line":62,"column":null}},"105":{"start":{"line":177,"column":4},"end":{"line":194,"column":null}},"106":{"start":{"line":178,"column":32},"end":{"line":178,"column":73}},"107":{"start":{"line":179,"column":29},"end":{"line":179,"column":55}},"108":{"start":{"line":180,"column":28},"end":{"line":180,"column":63}},"109":{"start":{"line":181,"column":38},"end":{"line":181,"column":62}},"110":{"start":{"line":184,"column":8},"end":{"line":190,"column":null}},"111":{"start":{"line":185,"column":12},"end":{"line":185,"column":null}},"112":{"start":{"line":186,"column":12},"end":{"line":186,"column":null}},"113":{"start":{"line":187,"column":12},"end":{"line":189,"column":null}},"114":{"start":{"line":188,"column":16},"end":{"line":188,"column":null}},"115":{"start":{"line":191,"column":8},"end":{"line":191,"column":null}},"116":{"start":{"line":192,"column":33},"end":{"line":192,"column":89}},"117":{"start":{"line":193,"column":8},"end":{"line":193,"column":null}},"118":{"start":{"line":195,"column":4},"end":{"line":218,"column":null}},"119":{"start":{"line":196,"column":34},"end":{"line":196,"column":91}},"120":{"start":{"line":197,"column":38},"end":{"line":197,"column":96}},"121":{"start":{"line":198,"column":27},"end":{"line":198,"column":71}},"122":{"start":{"line":199,"column":8},"end":{"line":217,"column":null}},"123":{"start":{"line":200,"column":12},"end":{"line":200,"column":null}},"124":{"start":{"line":201,"column":12},"end":{"line":201,"column":null}},"125":{"start":{"line":202,"column":12},"end":{"line":204,"column":null}},"126":{"start":{"line":203,"column":16},"end":{"line":203,"column":null}},"127":{"start":{"line":205,"column":12},"end":{"line":205,"column":null}},"128":{"start":{"line":206,"column":12},"end":{"line":207,"column":null}},"129":{"start":{"line":209,"column":12},"end":{"line":209,"column":null}},"130":{"start":{"line":210,"column":12},"end":{"line":210,"column":null}},"131":{"start":{"line":211,"column":12},"end":{"line":213,"column":null}},"132":{"start":{"line":212,"column":16},"end":{"line":212,"column":null}},"133":{"start":{"line":214,"column":12},"end":{"line":214,"column":null}},"134":{"start":{"line":215,"column":12},"end":{"line":216,"column":null}},"135":{"start":{"line":270,"column":0},"end":{"line":270,"column":null}},"136":{"start":{"line":272,"column":8},"end":{"line":272,"column":12}}},"fnMap":{"0":{"name":"(anonymous_0)","decl":{"start":{"line":24,"column":0},"end":{"line":24,"column":null}},"loc":{"start":{"line":24,"column":0},"end":{"line":270,"column":null}}},"1":{"name":"View","decl":{"start":{"line":37,"column":4},"end":{"line":37,"column":16}},"loc":{"start":{"line":37,"column":118},"end":{"line":60,"column":5}}},"2":{"name":"(anonymous_2)","decl":{"start":{"line":65,"column":11},"end":{"line":65,"column":null}},"loc":{"start":{"line":65,"column":11},"end":{"line":118,"column":5}}},"3":{"name":"(anonymous_3)","decl":{"start":{"line":86,"column":43},"end":{"line":86,"column":47}},"loc":{"start":{"line":86,"column":47},"end":{"line":88,"column":9}}},"4":{"name":"(anonymous_4)","decl":{"start":{"line":89,"column":40},"end":{"line":89,"column":44}},"loc":{"start":{"line":89,"column":44},"end":{"line":91,"column":9}}},"5":{"name":"(anonymous_6)","decl":{"start":{"line":112,"column":65},"end":{"line":112,"column":null}},"loc":{"start":{"line":112,"column":65},"end":{"line":114,"column":17}}},"6":{"name":"(anonymous_7)","decl":{"start":{"line":119,"column":20},"end":{"line":119,"column":null}},"loc":{"start":{"line":119,"column":20},"end":{"line":124,"column":5}}},"7":{"name":"(anonymous_8)","decl":{"start":{"line":125,"column":25},"end":{"line":125,"column":null}},"loc":{"start":{"line":125,"column":25},"end":{"line":132,"column":5}}},"8":{"name":"(anonymous_9)","decl":{"start":{"line":133,"column":15},"end":{"line":133,"column":null}},"loc":{"start":{"line":133,"column":15},"end":{"line":152,"column":5}}},"9":{"name":"(anonymous_10)","decl":{"start":{"line":153,"column":17},"end":{"line":153,"column":null}},"loc":{"start":{"line":153,"column":17},"end":{"line":176,"column":5}}},"10":{"name":"(anonymous_11)","decl":{"start":{"line":154,"column":57},"end":{"line":154,"column":null}},"loc":{"start":{"line":154,"column":57},"end":{"line":163,"column":9}}},"11":{"name":"(anonymous_12)","decl":{"start":{"line":157,"column":35},"end":{"line":157,"column":43}},"loc":{"start":{"line":157,"column":43},"end":{"line":159,"column":13}}},"12":{"name":"(anonymous_13)","decl":{"start":{"line":165,"column":59},"end":{"line":165,"column":null}},"loc":{"start":{"line":165,"column":59},"end":{"line":174,"column":13}}},"13":{"name":"(anonymous_14)","decl":{"start":{"line":168,"column":39},"end":{"line":168,"column":47}},"loc":{"start":{"line":168,"column":47},"end":{"line":170,"column":17}}},"14":{"name":"(anonymous_15)","decl":{"start":{"line":219,"column":17},"end":{"line":219,"column":null}},"loc":{"start":{"line":219,"column":17},"end":{"line":250,"column":5}}},"15":{"name":"(anonymous_16)","decl":{"start":{"line":220,"column":61},"end":{"line":220,"column":null}},"loc":{"start":{"line":220,"column":61},"end":{"line":225,"column":9}}},"16":{"name":"(anonymous_17)","decl":{"start":{"line":227,"column":63},"end":{"line":227,"column":null}},"loc":{"start":{"line":227,"column":63},"end":{"line":232,"column":13}}},"17":{"name":"(anonymous_18)","decl":{"start":{"line":236,"column":60},"end":{"line":236,"column":null}},"loc":{"start":{"line":236,"column":60},"end":{"line":241,"column":9}}},"18":{"name":"(anonymous_19)","decl":{"start":{"line":243,"column":62},"end":{"line":243,"column":null}},"loc":{"start":{"line":243,"column":62},"end":{"line":248,"column":13}}},"19":{"name":"(anonymous_20)","decl":{"start":{"line":251,"column":18},"end":{"line":251,"column":null}},"loc":{"start":{"line":251,"column":18},"end":{"line":269,"column":5}}},"20":{"name":"(anonymous_21)","decl":{"start":{"line":252,"column":61},"end":{"line":252,"column":null}},"loc":{"start":{"line":252,"column":61},"end":{"line":254,"column":9}}},"21":{"name":"(anonymous_22)","decl":{"start":{"line":256,"column":63},"end":{"line":256,"column":null}},"loc":{"start":{"line":256,"column":63},"end":{"line":258,"column":13}}},"22":{"name":"(anonymous_23)","decl":{"start":{"line":261,"column":59},"end":{"line":261,"column":null}},"loc":{"start":{"line":261,"column":59},"end":{"line":263,"column":9}}},"23":{"name":"(anonymous_24)","decl":{"start":{"line":265,"column":61},"end":{"line":265,"column":null}},"loc":{"start":{"line":265,"column":61},"end":{"line":267,"column":13}}},"24":{"name":"(anonymous_25)","decl":{"start":{"line":61,"column":4},"end":{"line":61,"column":13}},"loc":{"start":{"line":61,"column":37},"end":{"line":63,"column":5}}},"25":{"name":"(anonymous_26)","decl":{"start":{"line":177,"column":4},"end":{"line":177,"column":14}},"loc":{"start":{"line":177,"column":31},"end":{"line":194,"column":5}}},"26":{"name":"(anonymous_27)","decl":{"start":{"line":195,"column":4},"end":{"line":195,"column":14}},"loc":{"start":{"line":195,"column":31},"end":{"line":218,"column":5}}},"27":{"name":"(anonymous_28)","decl":{"start":{"line":202,"column":35},"end":{"line":202,"column":43}},"loc":{"start":{"line":202,"column":43},"end":{"line":204,"column":13}}},"28":{"name":"(anonymous_29)","decl":{"start":{"line":211,"column":35},"end":{"line":211,"column":43}},"loc":{"start":{"line":211,"column":43},"end":{"line":213,"column":13}}}},"branchMap":{"0":{"loc":{"start":{"line":97,"column":8},"end":{"line":103,"column":null}},"type":"if","locations":[{"start":{"line":97,"column":8},"end":{"line":103,"column":null}},{"start":{"line":97,"column":8},"end":{"line":103,"column":null}}]},"1":{"loc":{"start":{"line":99,"column":12},"end":{"line":102,"column":null}},"type":"if","locations":[{"start":{"line":99,"column":12},"end":{"line":102,"column":null}},{"start":{"line":99,"column":12},"end":{"line":102,"column":null}}]},"2":{"loc":{"start":{"line":101,"column":43},"end":{"line":101,"column":45}},"type":"cond-expr","locations":[{"start":{"line":101,"column":43},"end":{"line":101,"column":45}},{"start":{"line":101,"column":43},"end":{"line":101,"column":96}}]},"3":{"loc":{"start":{"line":101,"column":16},"end":{"line":101,"column":45}},"type":"binary-expr","locations":[{"start":{"line":101,"column":16},"end":{"line":101,"column":45}},{"start":{"line":101,"column":43},"end":{"line":101,"column":45}}]},"4":{"loc":{"start":{"line":104,"column":8},"end":{"line":117,"column":null}},"type":"if","locations":[{"start":{"line":104,"column":8},"end":{"line":117,"column":null}},{"start":{"line":104,"column":8},"end":{"line":117,"column":null}}]},"5":{"loc":{"start":{"line":126,"column":8},"end":{"line":131,"column":null}},"type":"if","locations":[{"start":{"line":126,"column":8},"end":{"line":131,"column":null}},{"start":{"line":126,"column":8},"end":{"line":131,"column":null}}]},"6":{"loc":{"start":{"line":141,"column":12},"end":{"line":144,"column":49}},"type":"cond-expr","locations":[{"start":{"line":141,"column":12},"end":{"line":144,"column":49}},{"start":{"line":145,"column":18},"end":{"line":145,"column":21}}]},"7":{"loc":{"start":{"line":148,"column":8},"end":{"line":150,"column":null}},"type":"if","locations":[{"start":{"line":148,"column":8},"end":{"line":150,"column":null}},{"start":{"line":148,"column":8},"end":{"line":150,"column":null}}]},"8":{"loc":{"start":{"line":148,"column":12},"end":{"line":148,"column":41}},"type":"binary-expr","locations":[{"start":{"line":148,"column":12},"end":{"line":148,"column":41}},{"start":{"line":148,"column":45},"end":{"line":148,"column":66}}]},"9":{"loc":{"start":{"line":164,"column":8},"end":{"line":175,"column":null}},"type":"if","locations":[{"start":{"line":164,"column":8},"end":{"line":175,"column":null}},{"start":{"line":164,"column":8},"end":{"line":175,"column":null}}]},"10":{"loc":{"start":{"line":221,"column":12},"end":{"line":223,"column":null}},"type":"if","locations":[{"start":{"line":221,"column":12},"end":{"line":223,"column":null}},{"start":{"line":221,"column":12},"end":{"line":223,"column":null}}]},"11":{"loc":{"start":{"line":226,"column":8},"end":{"line":234,"column":null}},"type":"if","locations":[{"start":{"line":226,"column":8},"end":{"line":234,"column":null}},{"start":{"line":226,"column":8},"end":{"line":234,"column":null}}]},"12":{"loc":{"start":{"line":228,"column":16},"end":{"line":230,"column":null}},"type":"if","locations":[{"start":{"line":228,"column":16},"end":{"line":230,"column":null}},{"start":{"line":228,"column":16},"end":{"line":230,"column":null}}]},"13":{"loc":{"start":{"line":229,"column":47},"end":{"line":229,"column":49}},"type":"cond-expr","locations":[{"start":{"line":229,"column":47},"end":{"line":229,"column":49}},{"start":{"line":229,"column":47},"end":{"line":229,"column":95}}]},"14":{"loc":{"start":{"line":229,"column":20},"end":{"line":229,"column":49}},"type":"binary-expr","locations":[{"start":{"line":229,"column":20},"end":{"line":229,"column":49}},{"start":{"line":229,"column":47},"end":{"line":229,"column":49}}]},"15":{"loc":{"start":{"line":237,"column":12},"end":{"line":239,"column":null}},"type":"if","locations":[{"start":{"line":237,"column":12},"end":{"line":239,"column":null}},{"start":{"line":237,"column":12},"end":{"line":239,"column":null}}]},"16":{"loc":{"start":{"line":242,"column":8},"end":{"line":249,"column":null}},"type":"if","locations":[{"start":{"line":242,"column":8},"end":{"line":249,"column":null}},{"start":{"line":242,"column":8},"end":{"line":249,"column":null}}]},"17":{"loc":{"start":{"line":244,"column":16},"end":{"line":246,"column":null}},"type":"if","locations":[{"start":{"line":244,"column":16},"end":{"line":246,"column":null}},{"start":{"line":244,"column":16},"end":{"line":246,"column":null}}]},"18":{"loc":{"start":{"line":245,"column":47},"end":{"line":245,"column":49}},"type":"cond-expr","locations":[{"start":{"line":245,"column":47},"end":{"line":245,"column":49}},{"start":{"line":245,"column":47},"end":{"line":245,"column":98}}]},"19":{"loc":{"start":{"line":245,"column":20},"end":{"line":245,"column":49}},"type":"binary-expr","locations":[{"start":{"line":245,"column":20},"end":{"line":245,"column":49}},{"start":{"line":245,"column":47},"end":{"line":245,"column":49}}]},"20":{"loc":{"start":{"line":255,"column":8},"end":{"line":259,"column":null}},"type":"if","locations":[{"start":{"line":255,"column":8},"end":{"line":259,"column":null}},{"start":{"line":255,"column":8},"end":{"line":259,"column":null}}]},"21":{"loc":{"start":{"line":264,"column":8},"end":{"line":268,"column":null}},"type":"if","locations":[{"start":{"line":264,"column":8},"end":{"line":268,"column":null}},{"start":{"line":264,"column":8},"end":{"line":268,"column":null}}]},"22":{"loc":{"start":{"line":184,"column":8},"end":{"line":190,"column":null}},"type":"if","locations":[{"start":{"line":184,"column":8},"end":{"line":190,"column":null}},{"start":{"line":184,"column":8},"end":{"line":190,"column":null}}]},"23":{"loc":{"start":{"line":187,"column":12},"end":{"line":189,"column":null}},"type":"if","locations":[{"start":{"line":187,"column":12},"end":{"line":189,"column":null}},{"start":{"line":187,"column":12},"end":{"line":189,"column":null}}]},"24":{"loc":{"start":{"line":197,"column":38},"end":{"line":197,"column":58}},"type":"binary-expr","locations":[{"start":{"line":197,"column":38},"end":{"line":197,"column":58}},{"start":{"line":197,"column":62},"end":{"line":197,"column":96}}]},"25":{"loc":{"start":{"line":198,"column":27},"end":{"line":198,"column":47}},"type":"binary-expr","locations":[{"start":{"line":198,"column":27},"end":{"line":198,"column":47}},{"start":{"line":198,"column":51},"end":{"line":198,"column":71}}]},"26":{"loc":{"start":{"line":199,"column":8},"end":{"line":217,"column":null}},"type":"if","locations":[{"start":{"line":199,"column":8},"end":{"line":217,"column":null}},{"start":{"line":199,"column":8},"end":{"line":217,"column":null}}]},"27":{"loc":{"start":{"line":199,"column":11},"end":{"line":199,"column":23}},"type":"binary-expr","locations":[{"start":{"line":199,"column":11},"end":{"line":199,"column":23}},{"start":{"line":199,"column":27},"end":{"line":199,"column":37}}]}},"s":{"0":2,"1":2,"2":2,"3":3,"4":3,"5":3,"6":3,"7":3,"8":3,"9":3,"10":3,"11":0,"12":3,"13":0,"14":3,"15":3,"16":3,"17":1,"18":1,"19":1,"20":1,"21":3,"22":1,"23":1,"24":1,"25":1,"26":3,"27":0,"28":1,"29":1,"30":3,"31":2,"32":6,"33":6,"34":6,"35":6,"36":2,"37":9,"38":6,"39":6,"40":3,"41":2,"42":7,"43":7,"44":7,"45":7,"46":7,"47":0,"48":7,"49":2,"50":3,"51":0,"52":0,"53":0,"54":0,"55":0,"56":0,"57":3,"58":1,"59":0,"60":0,"61":0,"62":0,"63":0,"64":0,"65":2,"66":3,"67":0,"68":0,"69":0,"70":3,"71":1,"72":0,"73":0,"74":0,"75":3,"76":0,"77":0,"78":0,"79":3,"80":1,"81":0,"82":0,"83":0,"84":2,"85":3,"86":0,"87":3,"88":1,"89":0,"90":3,"91":0,"92":3,"93":1,"94":0,"95":2,"96":2,"97":2,"98":2,"99":2,"100":2,"101":2,"102":2,"103":2,"104":6,"105":2,"106":0,"107":0,"108":0,"109":0,"110":0,"111":0,"112":0,"113":0,"114":0,"115":0,"116":0,"117":0,"118":2,"119":0,"120":0,"121":0,"122":0,"123":0,"124":0,"125":0,"126":0,"127":0,"128":0,"129":0,"130":0,"131":0,"132":0,"133":0,"134":0,"135":2,"136":2},"f":{"0":2,"1":2,"2":3,"3":0,"4":0,"5":0,"6":6,"7":9,"8":7,"9":3,"10":0,"11":0,"12":0,"13":0,"14":3,"15":0,"16":0,"17":0,"18":0,"19":3,"20":0,"21":0,"22":0,"23":0,"24":6,"25":0,"26":0,"27":0,"28":0},"b":{"0":[1,2],"1":[1,0],"2":[0,1],"3":[1,1],"4":[1,2],"5":[6,3],"6":[5,2],"7":[0,7],"8":[7,0],"9":[1,2],"10":[0,0],"11":[1,2],"12":[0,0],"13":[0,0],"14":[0,0],"15":[0,0],"16":[1,2],"17":[0,0],"18":[0,0],"19":[0,0],"20":[1,2],"21":[1,2],"22":[0,0],"23":[0,0],"24":[0,0],"25":[0,0],"26":[0,0],"27":[0,0]}}
}
