TN:
SF:src/mvc/controller.ts
FN:4,(anonymous_0)
FN:9,Controller
FN:15,(anonymous_2)
FN:23,(anonymous_3)
FN:27,(anonymous_4)
FNF:5
FNH:5
FNDA:1,(anonymous_0)
FNDA:1,Controller
FNDA:6,(anonymous_2)
FNDA:3,(anonymous_3)
FNDA:5,(anonymous_4)
DA:4,1
DA:9,1
DA:10,1
DA:11,1
DA:12,1
DA:15,1
DA:16,6
DA:17,6
DA:18,6
DA:19,6
DA:20,6
DA:23,1
DA:24,3
DA:27,1
DA:28,5
DA:29,5
DA:30,5
DA:32,1
DA:34,1
LF:19
LH:19
BRF:0
BRH:0
end_of_record
TN:
SF:src/mvc/model.ts
FN:17,(anonymous_0)
FN:44,Model
FN:75,(anonymous_2)
FN:71,(anonymous_3)
FN:79,(anonymous_4)
FN:87,(anonymous_5)
FN:125,(anonymous_6)
FN:134,(anonymous_7)
FN:153,(anonymous_8)
FN:157,(anonymous_9)
FN:161,(anonymous_10)
FN:162,(anonymous_11)
FN:167,(anonymous_12)
FNF:13
FNH:13
FNDA:2,(anonymous_0)
FNDA:8,Model
FNDA:2,(anonymous_2)
FNDA:6,(anonymous_3)
FNDA:3,(anonymous_4)
FNDA:16,(anonymous_5)
FNDA:4,(anonymous_6)
FNDA:4,(anonymous_7)
FNDA:1,(anonymous_8)
FNDA:1,(anonymous_9)
FNDA:3,(anonymous_10)
FNDA:3,(anonymous_11)
FNDA:5,(anonymous_12)
DA:17,2
DA:44,8
DA:45,8
DA:46,8
DA:47,8
DA:48,8
DA:49,8
DA:50,8
DA:51,8
DA:52,8
DA:53,8
DA:54,8
DA:55,8
DA:56,8
DA:57,8
DA:71,2
DA:72,6
DA:75,8
DA:76,2
DA:79,2
DA:80,3
DA:81,2
DA:83,1
DA:87,25
DA:88,25
DA:89,25
DA:90,25
DA:91,16
DA:92,2
DA:94,16
DA:95,16
DA:96,10
DA:98,6
DA:100,6
DA:101,5
DA:102,31
DA:105,1
DA:106,1
DA:107,1
DA:108,10
DA:109,10
DA:111,10
DA:113,1
DA:114,1
DA:117,6
DA:118,1
DA:119,1
DA:122,6
DA:125,2
DA:126,4
DA:127,4
DA:128,2
DA:130,2
DA:134,2
DA:135,4
DA:136,4
DA:137,2
DA:138,1
DA:140,1
DA:141,1
DA:142,1
DA:144,2
DA:145,1
DA:147,1
DA:148,1
DA:149,1
DA:153,2
DA:154,1
DA:157,2
DA:158,1
DA:161,2
DA:162,3
DA:163,3
DA:167,7
DA:168,5
DA:169,5
DA:170,2
DA:172,3
DA:174,2
DA:177,2
LF:80
LH:80
BRDA:45,0,0,8
BRDA:45,0,1,8
BRDA:46,1,0,1
BRDA:46,1,1,7
BRDA:46,2,0,7
BRDA:46,2,1,6
BRDA:47,3,0,1
BRDA:47,3,1,7
BRDA:47,4,0,7
BRDA:47,4,1,6
BRDA:48,5,0,1
BRDA:48,5,1,7
BRDA:48,6,0,7
BRDA:48,6,1,6
BRDA:49,7,0,8
BRDA:49,7,1,8
BRDA:50,8,0,8
BRDA:50,8,1,8
BRDA:51,9,0,8
BRDA:51,9,1,8
BRDA:52,10,0,8
BRDA:52,10,1,8
BRDA:53,11,0,8
BRDA:53,11,1,8
BRDA:54,12,0,8
BRDA:54,12,1,8
BRDA:80,13,0,2
BRDA:80,13,1,1
BRDA:87,14,0,9
BRDA:87,14,1,7
BRDA:88,15,0,9
BRDA:88,15,1,7
BRDA:89,16,0,9
BRDA:89,16,1,7
BRDA:90,17,0,9
BRDA:90,17,1,7
BRDA:91,18,0,2
BRDA:91,18,1,14
BRDA:95,19,0,10
BRDA:95,19,1,6
BRDA:100,20,0,5
BRDA:100,20,1,1
BRDA:108,21,0,10
BRDA:108,21,1,0
BRDA:113,22,0,1
BRDA:113,22,1,0
BRDA:117,23,0,1
BRDA:117,23,1,5
BRDA:126,24,0,2
BRDA:126,24,1,2
BRDA:127,25,0,2
BRDA:127,25,1,2
BRDA:136,26,0,2
BRDA:136,26,1,2
BRDA:137,27,0,1
BRDA:137,27,1,1
BRDA:144,28,0,1
BRDA:144,28,1,1
BRDA:167,29,0,2
BRDA:167,29,1,3
BRDA:169,30,0,2
BRDA:169,30,1,3
BRF:62
BRH:60
end_of_record
TN:
SF:src/mvc/view/progressBar.ts
FN:1,(anonymous_0)
FN:4,(anonymous_2)
FN:10,(anonymous_3)
FN:14,(anonymous_4)
FN:24,(anonymous_5)
FNF:5
FNH:5
FNDA:5,(anonymous_0)
FNDA:4,(anonymous_2)
FNDA:12,(anonymous_3)
FNDA:7,(anonymous_4)
FNDA:2,(anonymous_5)
DA:1,3
DA:4,3
DA:5,4
DA:6,4
DA:7,4
DA:10,3
DA:11,12
DA:14,3
DA:15,7
DA:16,5
DA:17,5
DA:19,2
DA:20,2
DA:24,3
DA:25,2
DA:26,2
DA:28,3
DA:30,3
LF:18
LH:18
BRDA:15,0,0,5
BRDA:15,0,1,2
BRDA:17,1,0,5
BRDA:17,1,1,2
BRF:4
BRH:4
end_of_record
TN:
SF:src/mvc/view/scale.ts
FN:1,(anonymous_0)
FN:2,(anonymous_2)
FN:28,(anonymous_3)
FNF:3
FNH:3
FNDA:5,(anonymous_0)
FNDA:3,(anonymous_2)
FNDA:12,(anonymous_3)
DA:1,5
DA:2,2
DA:3,3
DA:4,3
DA:6,3
DA:7,3
DA:8,11
DA:9,11
DA:10,11
DA:11,11
DA:12,11
DA:13,11
DA:14,11
DA:15,11
DA:16,11
DA:18,11
DA:20,11
DA:22,3
DA:28,12
DA:29,3
DA:31,3
LF:21
LH:21
BRF:0
BRH:0
end_of_record
TN:
SF:src/mvc/view/slider.ts
FN:1,(anonymous_0)
FN:8,(anonymous_2)
FN:15,(anonymous_3)
FN:21,(anonymous_4)
FN:42,(anonymous_5)
FN:49,(anonymous_6)
FN:56,(anonymous_7)
FNF:7
FNH:7
FNDA:5,(anonymous_0)
FNDA:9,(anonymous_2)
FNDA:8,(anonymous_3)
FNDA:7,(anonymous_4)
FNDA:10,(anonymous_5)
FNDA:5,(anonymous_6)
FNDA:7,(anonymous_7)
DA:1,3
DA:8,3
DA:9,9
DA:10,9
DA:11,9
DA:12,9
DA:15,3
DA:16,8
DA:17,8
DA:18,8
DA:21,3
DA:22,7
DA:23,4
DA:24,4
DA:25,4
DA:26,4
DA:27,4
DA:29,4
DA:30,4
DA:31,4
DA:32,4
DA:33,4
DA:35,3
DA:36,3
DA:37,3
DA:38,3
DA:42,3
DA:43,10
DA:44,10
DA:45,6
DA:49,3
DA:50,5
DA:51,5
DA:52,2
DA:56,8
DA:57,7
DA:58,7
DA:59,3
DA:62,3
DA:64,3
LF:40
LH:40
BRDA:22,0,0,4
BRDA:22,0,1,3
BRDA:44,1,0,6
BRDA:44,1,1,4
BRDA:51,2,0,2
BRDA:51,2,1,3
BRDA:56,3,0,1
BRDA:56,3,1,6
BRDA:58,4,0,3
BRDA:58,4,1,4
BRF:10
BRH:10
end_of_record
TN:
SF:src/mvc/view/thumb.ts
FN:1,(anonymous_0)
FN:10,(anonymous_2)
FN:22,(anonymous_3)
FN:40,(anonymous_4)
FN:51,(anonymous_5)
FN:60,(anonymous_6)
FNF:6
FNH:6
FNDA:5,(anonymous_0)
FNDA:3,(anonymous_2)
FNDA:3,(anonymous_3)
FNDA:5,(anonymous_4)
FNDA:4,(anonymous_5)
FNDA:7,(anonymous_6)
DA:1,3
DA:10,3
DA:15,3
DA:16,3
DA:17,1
DA:18,1
DA:22,3
DA:23,3
DA:24,1
DA:25,1
DA:26,1
DA:27,1
DA:29,1
DA:30,1
DA:31,1
DA:32,1
DA:34,2
DA:35,2
DA:36,2
DA:40,3
DA:41,5
DA:42,3
DA:43,3
DA:44,3
DA:46,5
DA:47,5
DA:48,5
DA:51,3
DA:52,4
DA:53,3
DA:54,3
DA:55,2
DA:60,3
DA:61,7
DA:62,7
DA:63,5
DA:66,3
DA:68,3
LF:38
LH:38
BRDA:16,0,0,1
BRDA:16,0,1,2
BRDA:23,1,0,1
BRDA:23,1,1,2
BRDA:41,2,0,3
BRDA:41,2,1,2
BRDA:52,3,0,3
BRDA:52,3,1,1
BRDA:54,4,0,2
BRDA:54,4,1,1
BRDA:62,5,0,5
BRDA:62,5,1,2
BRDA:63,6,0,5
BRDA:63,6,1,2
BRF:14
BRH:14
end_of_record
TN:
SF:src/mvc/view/track.ts
FN:1,(anonymous_0)
FN:6,(anonymous_2)
FN:11,(anonymous_3)
FN:17,(anonymous_4)
FNF:4
FNH:4
FNDA:5,(anonymous_0)
FNDA:4,(anonymous_2)
FNDA:5,(anonymous_3)
FNDA:5,(anonymous_4)
DA:1,3
DA:6,3
DA:7,4
DA:8,4
DA:11,3
DA:12,5
DA:13,5
DA:14,5
DA:17,3
DA:18,5
DA:19,5
DA:20,5
DA:22,3
DA:24,3
LF:14
LH:14
BRF:0
BRH:0
end_of_record
TN:
SF:src/mvc/view/view.ts
FN:23,(anonymous_0)
FN:48,View
FN:78,(anonymous_2)
FN:99,(anonymous_3)
FN:102,(anonymous_4)
FN:123,(anonymous_6)
FN:131,(anonymous_7)
FN:138,(anonymous_8)
FN:147,(anonymous_9)
FN:171,(anonymous_10)
FN:172,(anonymous_11)
FN:179,(anonymous_12)
FN:186,(anonymous_13)
FN:189,(anonymous_14)
FN:244,(anonymous_15)
FN:245,(anonymous_16)
FN:251,(anonymous_17)
FN:254,(anonymous_18)
FN:261,(anonymous_19)
FN:267,(anonymous_20)
FN:270,(anonymous_21)
FN:279,(anonymous_22)
FN:280,(anonymous_23)
FN:283,(anonymous_24)
FN:286,(anonymous_25)
FN:289,(anonymous_26)
FN:74,(anonymous_27)
FN:198,(anonymous_28)
FN:216,(anonymous_29)
FN:225,(anonymous_30)
FN:235,(anonymous_31)
FNF:31
FNH:10
FNDA:2,(anonymous_0)
FNDA:2,View
FNDA:3,(anonymous_2)
FNDA:0,(anonymous_3)
FNDA:0,(anonymous_4)
FNDA:0,(anonymous_6)
FNDA:6,(anonymous_7)
FNDA:9,(anonymous_8)
FNDA:7,(anonymous_9)
FNDA:3,(anonymous_10)
FNDA:0,(anonymous_11)
FNDA:0,(anonymous_12)
FNDA:0,(anonymous_13)
FNDA:0,(anonymous_14)
FNDA:3,(anonymous_15)
FNDA:0,(anonymous_16)
FNDA:0,(anonymous_17)
FNDA:0,(anonymous_18)
FNDA:0,(anonymous_19)
FNDA:0,(anonymous_20)
FNDA:0,(anonymous_21)
FNDA:3,(anonymous_22)
FNDA:0,(anonymous_23)
FNDA:0,(anonymous_24)
FNDA:0,(anonymous_25)
FNDA:0,(anonymous_26)
FNDA:6,(anonymous_27)
FNDA:0,(anonymous_28)
FNDA:0,(anonymous_29)
FNDA:0,(anonymous_30)
FNDA:0,(anonymous_31)
DA:23,2
DA:48,2
DA:50,2
DA:51,2
DA:52,2
DA:53,2
DA:54,2
DA:55,2
DA:58,2
DA:71,2
DA:74,2
DA:75,6
DA:78,2
DA:79,3
DA:81,3
DA:87,3
DA:88,3
DA:89,3
DA:97,3
DA:98,3
DA:99,3
DA:100,0
DA:102,3
DA:103,0
DA:105,3
DA:106,3
DA:108,3
DA:109,1
DA:110,1
DA:111,1
DA:112,1
DA:115,3
DA:116,1
DA:117,1
DA:118,1
DA:120,1
DA:122,3
DA:123,3
DA:124,0
DA:126,3
DA:131,2
DA:132,6
DA:133,6
DA:134,6
DA:135,6
DA:138,2
DA:139,9
DA:140,6
DA:141,6
DA:143,3
DA:147,2
DA:148,7
DA:150,7
DA:156,7
DA:164,7
DA:165,7
DA:166,0
DA:168,7
DA:171,2
DA:172,3
DA:173,0
DA:174,0
DA:175,0
DA:177,0
DA:179,0
DA:180,0
DA:182,0
DA:183,0
DA:186,3
DA:187,0
DA:189,3
DA:190,0
DA:192,3
DA:193,3
DA:194,1
DA:198,2
DA:199,0
DA:200,0
DA:201,0
DA:202,0
DA:204,0
DA:205,0
DA:206,0
DA:207,0
DA:208,0
DA:211,0
DA:212,0
DA:213,0
DA:216,2
DA:217,0
DA:218,0
DA:219,0
DA:220,0
DA:221,0
DA:222,0
DA:223,0
DA:224,0
DA:225,0
DA:226,0
DA:228,0
DA:229,0
DA:232,0
DA:233,0
DA:234,0
DA:235,0
DA:236,0
DA:238,0
DA:239,0
DA:244,2
DA:245,3
DA:246,0
DA:247,0
DA:249,0
DA:251,3
DA:252,0
DA:254,3
DA:255,0
DA:257,3
DA:258,3
DA:259,1
DA:261,3
DA:262,0
DA:263,0
DA:265,0
DA:267,3
DA:268,0
DA:270,3
DA:271,0
DA:273,3
DA:274,3
DA:275,1
DA:279,2
DA:280,3
DA:281,0
DA:283,3
DA:284,0
DA:286,3
DA:287,0
DA:289,3
DA:290,0
DA:293,3
DA:294,3
DA:295,3
DA:296,1
DA:297,1
DA:300,2
DA:302,2
LF:147
LH:88
BRDA:108,0,0,1
BRDA:108,0,1,2
BRDA:110,1,0,1
BRDA:110,1,1,0
BRDA:112,2,0,0
BRDA:112,2,1,1
BRDA:112,3,0,1
BRDA:112,3,1,1
BRDA:115,4,0,1
BRDA:115,4,1,2
BRDA:139,5,0,6
BRDA:139,5,1,3
BRDA:157,6,0,5
BRDA:157,6,1,2
BRDA:165,7,0,0
BRDA:165,7,1,7
BRDA:165,8,0,7
BRDA:165,8,1,0
BRDA:174,9,0,0
BRDA:174,9,1,0
BRDA:193,10,0,1
BRDA:193,10,1,2
BRDA:246,11,0,0
BRDA:246,11,1,0
BRDA:246,12,0,0
BRDA:246,12,1,0
BRDA:258,13,0,1
BRDA:258,13,1,2
BRDA:262,14,0,0
BRDA:262,14,1,0
BRDA:262,15,0,0
BRDA:262,15,1,0
BRDA:274,16,0,1
BRDA:274,16,1,2
BRDA:295,17,0,1
BRDA:295,17,1,2
BRDA:204,18,0,0
BRDA:204,18,1,0
BRDA:207,19,0,0
BRDA:207,19,1,0
BRDA:218,20,0,0
BRDA:218,20,1,0
BRDA:219,21,0,0
BRDA:219,21,1,0
BRDA:221,22,0,0
BRDA:221,22,1,0
BRDA:221,23,0,0
BRDA:221,23,1,0
BRF:48
BRH:22
end_of_record
