TN:
SF:src/mvc/controller.ts
FN:4,(anonymous_0)
FN:7,Controller
FN:13,(anonymous_2)
FN:23,(anonymous_3)
FN:26,(anonymous_4)
FNF:5
FNH:3
FNDA:1,(anonymous_0)
FNDA:1,Controller
FNDA:1,(anonymous_2)
FNDA:0,(anonymous_3)
FNDA:0,(anonymous_4)
DA:4,1
DA:7,1
DA:8,1
DA:9,1
DA:11,1
DA:13,1
DA:14,1
DA:15,1
DA:16,1
DA:19,1
DA:20,1
DA:23,1
DA:24,0
DA:26,1
DA:27,0
DA:28,0
DA:29,0
DA:31,1
DA:33,1
LF:19
LH:15
BRF:0
BRH:0
end_of_record
TN:
SF:src/mvc/model.ts
FN:17,(anonymous_0)
FN:31,Model
FN:60,(anonymous_2)
FN:57,(anonymous_3)
FN:63,(anonymous_4)
FN:70,(anonymous_5)
FN:85,(anonymous_6)
FN:96,(anonymous_7)
FN:113,(anonymous_8)
FN:135,(anonymous_9)
FN:138,(anonymous_10)
FN:141,(anonymous_11)
FN:142,(anonymous_12)
FN:146,(anonymous_13)
FNF:14
FNH:13
FNDA:2,(anonymous_0)
FNDA:2,Model
FNDA:2,(anonymous_2)
FNDA:2,(anonymous_3)
FNDA:3,(anonymous_4)
FNDA:7,(anonymous_5)
FNDA:17,(anonymous_6)
FNDA:4,(anonymous_7)
FNDA:4,(anonymous_8)
FNDA:1,(anonymous_9)
FNDA:1,(anonymous_10)
FNDA:2,(anonymous_11)
FNDA:0,(anonymous_12)
FNDA:5,(anonymous_13)
DA:17,2
DA:31,2
DA:32,2
DA:33,2
DA:34,2
DA:35,2
DA:36,2
DA:37,2
DA:38,2
DA:39,2
DA:40,2
DA:41,2
DA:42,2
DA:43,2
DA:44,2
DA:57,2
DA:58,2
DA:60,2
DA:61,2
DA:63,2
DA:64,3
DA:65,2
DA:67,1
DA:70,10
DA:71,10
DA:72,10
DA:73,10
DA:74,7
DA:75,7
DA:76,4
DA:78,3
DA:79,3
DA:80,1013
DA:81,108
DA:84,3
DA:85,2
DA:86,17
DA:89,1
DA:90,1
DA:91,11
DA:94,3
DA:96,2
DA:97,4
DA:99,2
DA:100,1
DA:102,1
DA:104,2
DA:106,2
DA:107,1
DA:109,1
DA:113,4
DA:114,4
DA:116,2
DA:117,1
DA:119,1
DA:120,1
DA:121,1
DA:123,2
DA:125,2
DA:126,1
DA:128,1
DA:129,1
DA:130,1
DA:132,2
DA:135,2
DA:136,1
DA:138,2
DA:139,1
DA:141,2
DA:142,2
DA:143,0
DA:146,7
DA:147,5
DA:148,5
DA:149,2
DA:151,3
DA:153,2
DA:155,2
LF:78
LH:77
BRDA:32,0,0,2
BRDA:32,0,1,2
BRDA:33,1,0,0
BRDA:33,1,1,2
BRDA:33,2,0,2
BRDA:33,2,1,2
BRDA:34,3,0,0
BRDA:34,3,1,2
BRDA:34,4,0,2
BRDA:34,4,1,2
BRDA:35,5,0,0
BRDA:35,5,1,2
BRDA:35,6,0,2
BRDA:35,6,1,2
BRDA:36,7,0,2
BRDA:36,7,1,2
BRDA:37,8,0,2
BRDA:37,8,1,2
BRDA:38,9,0,2
BRDA:38,9,1,2
BRDA:39,10,0,2
BRDA:39,10,1,2
BRDA:40,11,0,2
BRDA:40,11,1,2
BRDA:41,12,0,2
BRDA:41,12,1,2
BRDA:64,13,0,2
BRDA:64,13,1,1
BRDA:70,14,0,3
BRDA:70,14,1,4
BRDA:71,15,0,3
BRDA:71,15,1,4
BRDA:72,16,0,3
BRDA:72,16,1,4
BRDA:73,17,0,3
BRDA:73,17,1,4
BRDA:75,18,0,4
BRDA:75,18,1,3
BRDA:80,19,0,108
BRDA:80,19,1,905
BRDA:84,20,0,2
BRDA:84,20,1,1
BRDA:98,21,0,2
BRDA:98,21,1,2
BRDA:99,22,0,1
BRDA:99,22,1,1
BRDA:106,23,0,1
BRDA:106,23,1,1
BRDA:113,24,0,0
BRDA:113,24,1,4
BRDA:115,25,0,2
BRDA:115,25,1,2
BRDA:116,26,0,1
BRDA:116,26,1,1
BRDA:125,27,0,1
BRDA:125,27,1,1
BRDA:146,28,0,2
BRDA:146,28,1,3
BRDA:148,29,0,2
BRDA:148,29,1,3
BRF:60
BRH:56
end_of_record
TN:
SF:src/mvc/subViews.ts
FN:1,(anonymous_0)
FN:6,(anonymous_2)
FN:13,(anonymous_3)
FN:19,(anonymous_4)
FN:40,(anonymous_5)
FN:46,(anonymous_6)
FN:52,(anonymous_7)
FN:60,(anonymous_8)
FN:64,(anonymous_10)
FN:69,(anonymous_11)
FN:75,(anonymous_12)
FN:82,(anonymous_13)
FN:84,(anonymous_15)
FN:89,(anonymous_16)
FN:92,(anonymous_17)
FN:101,(anonymous_18)
FN:109,(anonymous_19)
FN:116,(anonymous_21)
FN:128,(anonymous_22)
FN:148,(anonymous_23)
FN:158,(anonymous_24)
FN:170,(anonymous_25)
FNF:22
FNH:19
FNDA:2,(anonymous_0)
FNDA:1,(anonymous_2)
FNDA:1,(anonymous_3)
FNDA:1,(anonymous_4)
FNDA:1,(anonymous_5)
FNDA:1,(anonymous_6)
FNDA:1,(anonymous_7)
FNDA:2,(anonymous_8)
FNDA:1,(anonymous_10)
FNDA:1,(anonymous_11)
FNDA:1,(anonymous_12)
FNDA:2,(anonymous_13)
FNDA:1,(anonymous_15)
FNDA:1,(anonymous_16)
FNDA:1,(anonymous_17)
FNDA:0,(anonymous_18)
FNDA:2,(anonymous_19)
FNDA:1,(anonymous_21)
FNDA:1,(anonymous_22)
FNDA:0,(anonymous_23)
FNDA:0,(anonymous_24)
FNDA:1,(anonymous_25)
DA:1,1
DA:6,1
DA:7,1
DA:8,1
DA:9,1
DA:10,1
DA:13,1
DA:14,1
DA:15,1
DA:16,1
DA:19,1
DA:20,1
DA:21,0
DA:22,0
DA:23,0
DA:24,0
DA:25,0
DA:27,0
DA:28,0
DA:29,0
DA:30,0
DA:31,0
DA:34,1
DA:35,1
DA:36,1
DA:37,1
DA:40,1
DA:41,1
DA:42,1
DA:43,0
DA:46,1
DA:47,1
DA:48,1
DA:49,0
DA:52,1
DA:53,1
DA:54,1
DA:55,0
DA:58,1
DA:60,1
DA:64,1
DA:65,1
DA:66,1
DA:69,1
DA:70,1
DA:71,1
DA:72,1
DA:75,1
DA:76,1
DA:77,1
DA:78,1
DA:80,1
DA:82,1
DA:84,1
DA:85,1
DA:86,1
DA:87,1
DA:89,1
DA:90,1
DA:92,1
DA:93,1
DA:94,0
DA:95,0
DA:97,1
DA:98,1
DA:101,1
DA:102,0
DA:103,0
DA:104,0
DA:107,1
DA:109,1
DA:116,1
DA:122,1
DA:123,1
DA:124,0
DA:125,0
DA:128,1
DA:129,1
DA:130,0
DA:131,0
DA:132,0
DA:133,0
DA:135,0
DA:136,0
DA:137,0
DA:138,0
DA:141,1
DA:142,1
DA:143,1
DA:148,1
DA:149,0
DA:150,0
DA:151,0
DA:152,0
DA:154,0
DA:155,0
DA:156,0
DA:158,1
DA:159,0
DA:160,0
DA:161,0
DA:162,0
DA:170,1
DA:171,1
DA:172,1
DA:173,0
DA:176,1
DA:178,1
LF:108
LH:68
BRDA:20,0,0,0
BRDA:20,0,1,1
BRDA:40,1,0,0
BRDA:40,1,1,1
BRDA:42,2,0,0
BRDA:42,2,1,1
BRDA:48,3,0,0
BRDA:48,3,1,1
BRDA:52,4,0,0
BRDA:52,4,1,1
BRDA:54,5,0,0
BRDA:54,5,1,1
BRDA:92,6,0,0
BRDA:92,6,1,1
BRDA:93,7,0,0
BRDA:93,7,1,1
BRDA:102,8,0,0
BRDA:102,8,1,0
BRDA:123,9,0,0
BRDA:123,9,1,1
BRDA:129,10,0,0
BRDA:129,10,1,1
BRDA:149,11,0,0
BRDA:149,11,1,0
BRDA:159,12,0,0
BRDA:159,12,1,0
BRDA:161,13,0,0
BRDA:161,13,1,0
BRDA:170,14,0,0
BRDA:170,14,1,1
BRDA:172,15,0,0
BRDA:172,15,1,1
BRF:32
BRH:12
end_of_record
TN:
SF:src/mvc/view.ts
FN:20,(anonymous_0)
FN:32,View
FN:59,(anonymous_2)
FN:80,(anonymous_3)
FN:83,(anonymous_4)
FN:103,(anonymous_5)
FN:108,(anonymous_6)
FN:124,(anonymous_8)
FN:130,(anonymous_9)
FN:134,(anonymous_10)
FN:159,(anonymous_11)
FN:179,(anonymous_12)
FN:180,(anonymous_13)
FN:183,(anonymous_14)
FN:195,(anonymous_15)
FN:198,(anonymous_16)
FN:248,(anonymous_17)
FN:249,(anonymous_18)
FN:256,(anonymous_19)
FN:265,(anonymous_20)
FN:272,(anonymous_21)
FN:280,(anonymous_22)
FN:281,(anonymous_23)
FN:285,(anonymous_24)
FN:290,(anonymous_25)
FN:294,(anonymous_26)
FN:55,(anonymous_27)
FN:208,(anonymous_28)
FN:226,(anonymous_29)
FN:233,(anonymous_30)
FN:241,(anonymous_31)
FNF:31
FNH:10
FNDA:1,(anonymous_0)
FNDA:1,View
FNDA:1,(anonymous_2)
FNDA:0,(anonymous_3)
FNDA:0,(anonymous_4)
FNDA:1,(anonymous_5)
FNDA:0,(anonymous_6)
FNDA:0,(anonymous_8)
FNDA:0,(anonymous_9)
FNDA:1,(anonymous_10)
FNDA:1,(anonymous_11)
FNDA:1,(anonymous_12)
FNDA:0,(anonymous_13)
FNDA:0,(anonymous_14)
FNDA:0,(anonymous_15)
FNDA:0,(anonymous_16)
FNDA:1,(anonymous_17)
FNDA:0,(anonymous_18)
FNDA:0,(anonymous_19)
FNDA:0,(anonymous_20)
FNDA:0,(anonymous_21)
FNDA:1,(anonymous_22)
FNDA:0,(anonymous_23)
FNDA:0,(anonymous_24)
FNDA:0,(anonymous_25)
FNDA:0,(anonymous_26)
FNDA:1,(anonymous_27)
FNDA:0,(anonymous_28)
FNDA:0,(anonymous_29)
FNDA:0,(anonymous_30)
FNDA:0,(anonymous_31)
DA:20,1
DA:32,1
DA:33,1
DA:34,1
DA:35,1
DA:36,1
DA:37,1
DA:40,1
DA:53,1
DA:55,1
DA:56,1
DA:59,1
DA:60,1
DA:62,1
DA:68,1
DA:69,1
DA:70,1
DA:78,1
DA:79,1
DA:80,1
DA:81,0
DA:83,1
DA:84,0
DA:86,1
DA:87,1
DA:91,1
DA:92,0
DA:93,0
DA:94,0
DA:95,0
DA:98,1
DA:99,0
DA:101,1
DA:103,1
DA:104,1
DA:105,1
DA:106,1
DA:108,1
DA:109,0
DA:110,0
DA:111,0
DA:113,0
DA:114,0
DA:115,0
DA:116,0
DA:117,0
DA:118,0
DA:119,0
DA:120,0
DA:121,0
DA:122,0
DA:124,0
DA:125,0
DA:127,0
DA:130,1
DA:131,0
DA:132,0
DA:134,1
DA:135,1
DA:136,0
DA:137,0
DA:138,0
DA:139,0
DA:140,0
DA:141,0
DA:143,0
DA:144,0
DA:145,0
DA:146,0
DA:147,0
DA:148,0
DA:151,1
DA:152,1
DA:153,1
DA:154,1
DA:155,1
DA:156,1
DA:159,1
DA:160,1
DA:161,1
DA:166,1
DA:173,1
DA:174,1
DA:175,0
DA:177,1
DA:179,1
DA:180,1
DA:181,0
DA:182,0
DA:183,0
DA:184,0
DA:186,0
DA:188,0
DA:189,0
DA:191,0
DA:194,1
DA:195,0
DA:196,0
DA:197,0
DA:198,0
DA:199,0
DA:201,0
DA:203,0
DA:208,1
DA:209,0
DA:210,0
DA:211,0
DA:212,0
DA:215,0
DA:216,0
DA:217,0
DA:218,0
DA:219,0
DA:222,0
DA:223,0
DA:224,0
DA:226,1
DA:227,0
DA:228,0
DA:229,0
DA:230,0
DA:231,0
DA:232,0
DA:233,0
DA:234,0
DA:236,0
DA:239,0
DA:240,0
DA:241,0
DA:242,0
DA:244,0
DA:248,1
DA:249,1
DA:250,0
DA:251,0
DA:253,0
DA:255,1
DA:256,0
DA:257,0
DA:258,0
DA:260,0
DA:265,1
DA:266,0
DA:267,0
DA:269,0
DA:271,1
DA:272,0
DA:273,0
DA:274,0
DA:276,0
DA:280,1
DA:281,1
DA:282,0
DA:284,1
DA:285,0
DA:286,0
DA:290,1
DA:291,0
DA:293,1
DA:294,0
DA:295,0
DA:299,1
DA:301,1
LF:163
LH:64
BRDA:91,0,0,0
BRDA:91,0,1,1
BRDA:93,1,0,0
BRDA:93,1,1,0
BRDA:95,2,0,0
BRDA:95,2,1,0
BRDA:95,3,0,0
BRDA:95,3,1,0
BRDA:98,4,0,0
BRDA:98,4,1,1
BRDA:135,5,0,0
BRDA:135,5,1,1
BRDA:167,6,0,0
BRDA:167,6,1,1
BRDA:174,7,0,0
BRDA:174,7,1,1
BRDA:188,8,0,0
BRDA:188,8,1,0
BRDA:194,9,0,0
BRDA:194,9,1,1
BRDA:250,10,0,0
BRDA:250,10,1,0
BRDA:255,11,0,0
BRDA:255,11,1,1
BRDA:257,12,0,0
BRDA:257,12,1,0
BRDA:258,13,0,0
BRDA:258,13,1,0
BRDA:258,14,0,0
BRDA:258,14,1,0
BRDA:266,15,0,0
BRDA:266,15,1,0
BRDA:271,16,0,0
BRDA:271,16,1,1
BRDA:273,17,0,0
BRDA:273,17,1,0
BRDA:274,18,0,0
BRDA:274,18,1,0
BRDA:274,19,0,0
BRDA:274,19,1,0
BRDA:284,20,0,0
BRDA:284,20,1,1
BRDA:293,21,0,0
BRDA:293,21,1,1
BRDA:215,22,0,0
BRDA:215,22,1,0
BRDA:218,23,0,0
BRDA:218,23,1,0
BRDA:228,24,0,0
BRDA:228,24,1,0
BRDA:229,25,0,0
BRDA:229,25,1,0
BRDA:230,26,0,0
BRDA:230,26,1,0
BRDA:230,27,0,0
BRDA:230,27,1,0
BRF:56
BRH:10
end_of_record
